<?xml version="1.0" encoding="UTF-8"?>
<TestRun id="4406ab72-e9b9-495f-af50-cc1eb5beb73f" name="mert.sakarya@MERTSAKARYA 2012-03-05 20:34:10" runUser="SAHIBINDEN\mert.sakarya" xmlns="http://microsoft.com/schemas/VisualStudio/TeamTest/2010">
  <TestSettings name="Local" id="68342950-b16e-4d12-b71a-95a7036c6fb6">
    <Description>These are default test settings for a local test run.</Description>
    <Deployment enabled="false" runDeploymentRoot="mert.sakarya_MERTSAKARYA 2012-03-05 20_34_10">
      <DeploymentItem filename="C:\Users\mert.sakarya\documents\visual studio 2010\Projects\CodeFirst\packages\EntityFramework.4.3.1\lib\net40\EntityFramework.dll" />
      <DeploymentItem filename="C:\Users\mert.sakarya\documents\visual studio 2010\Projects\CodeFirst\packages\SqlServerCompact.4.0.8852.1\lib\net40\System.Data.SqlServerCe.dll" />
      <DeploymentItem filename="C:\Users\mert.sakarya\documents\visual studio 2010\Projects\CodeFirst\MS.Katusha.Repository\bin\Debug\MS.Katusha.Repository.dll" />
      <DeploymentItem filename="C:\Users\mert.sakarya\documents\visual studio 2010\Projects\CodeFirst\packages\SqlServerCompact.4.0.8852.1\lib\net40\System.Data.SqlServerCe.Entity.dll" />
      <DeploymentItem filename="C:\Users\mert.sakarya\documents\visual studio 2010\Projects\CodeFirst\MS.Katusha.Domain\bin\Debug\MS.Katusha.Domain.dll" />
    </Deployment>
    <Execution>
      <TestTypeSpecific />
      <AgentRule name="Execution Agents">
      </AgentRule>
    </Execution>
  </TestSettings>
  <Times creation="2012-03-05T20:34:10.2791204+02:00" queuing="2012-03-05T20:34:11.7361639+02:00" start="2012-03-05T20:34:12.0481659+02:00" finish="2012-03-05T20:34:30.9453182+02:00" />
  <ResultSummary outcome="Error">
    <Counters total="8" executed="2" passed="1" error="0" failed="0" timeout="0" aborted="1" inconclusive="0" passedButRunAborted="0" notRunnable="0" notExecuted="6" disconnected="0" warning="0" completed="0" inProgress="0" pending="0" />
    <Output>
      <DebugTrace>Assembly Init
</DebugTrace>
    </Output>
    <RunInfos>
      <RunInfo computerName="MERTSAKARYA" outcome="Error" timestamp="2012-03-05T20:34:30.9443181+02:00">
        <Text>Test host process exited unexpectedly.</Text>
      </RunInfo>
    </RunInfos>
  </ResultSummary>
  <TestDefinitions>
    <UnitTest name="ShouldBeAbleToFindBoy" storage="c:\users\mert.sakarya\documents\visual studio 2010\projects\codefirst\ms.katusha.test\bin\debug\ms.katusha.test.dll" id="c110fe79-5d51-7c14-01d1-711d00a6e64f">
      <Execution id="5aeffc3f-a4a4-4d49-93c0-05fb236709e8" />
      <TestMethod codeBase="C:/Users/mert.sakarya/documents/visual studio 2010/Projects/CodeFirst/MS.Katusha.Test/bin/Debug/MS.Katusha.Test.DLL" adapterTypeName="Microsoft.VisualStudio.TestTools.TestTypes.Unit.UnitTestAdapter, Microsoft.VisualStudio.QualityTools.Tips.UnitTest.Adapter, Version=10.0.0.0, Culture=neutral, PublicKeyToken=b03f5f7f11d50a3a" className="MS.Katusha.Test.BoyRepositoryTest, MS.Katusha.Test, Version=1.0.0.0, Culture=neutral, PublicKeyToken=null" name="ShouldBeAbleToFindBoy" />
    </UnitTest>
    <UnitTest name="TestVisitAndConversation" storage="c:\users\mert.sakarya\documents\visual studio 2010\projects\codefirst\ms.katusha.test\bin\debug\ms.katusha.test.dll" id="612255e6-ac16-66c6-627d-e06d4332ae15">
      <Execution id="9a232f7e-ea32-4366-b8d6-5dd9591e1031" />
      <TestMethod codeBase="C:/Users/mert.sakarya/documents/visual studio 2010/Projects/CodeFirst/MS.Katusha.Test/bin/Debug/MS.Katusha.Test.DLL" adapterTypeName="Microsoft.VisualStudio.TestTools.TestTypes.Unit.UnitTestAdapter, Microsoft.VisualStudio.QualityTools.Tips.UnitTest.Adapter, Version=10.0.0.0, Culture=neutral, PublicKeyToken=b03f5f7f11d50a3a" className="MS.Katusha.Test.BoyRepositoryTest, MS.Katusha.Test, Version=1.0.0.0, Culture=neutral, PublicKeyToken=null" name="TestVisitAndConversation" />
    </UnitTest>
    <UnitTest name="CreateNewPhoto" storage="c:\users\mert.sakarya\documents\visual studio 2010\projects\codefirst\ms.katusha.test\bin\debug\ms.katusha.test.dll" id="c7c8a49b-11c0-a7a1-93dd-80aee5255f3d">
      <Execution id="1a9b237f-6424-4a11-a504-7d61d1c90c5f" />
      <TestMethod codeBase="C:/Users/mert.sakarya/documents/visual studio 2010/Projects/CodeFirst/MS.Katusha.Test/bin/Debug/MS.Katusha.Test.DLL" adapterTypeName="Microsoft.VisualStudio.TestTools.TestTypes.Unit.UnitTestAdapter, Microsoft.VisualStudio.QualityTools.Tips.UnitTest.Adapter, Version=10.0.0.0, Culture=neutral, PublicKeyToken=b03f5f7f11d50a3a" className="MS.Katusha.Test.BoyRepositoryTest, MS.Katusha.Test, Version=1.0.0.0, Culture=neutral, PublicKeyToken=null" name="CreateNewPhoto" />
    </UnitTest>
    <UnitTest name="ShouldBeAbleToFindBoy" storage="c:\users\mert.sakarya\documents\visual studio 2010\projects\codefirst\ms.katusha.test\bin\debug\ms.katusha.test.dll" id="2c3b54dd-eda2-8575-6b29-4aef6babadf6">
      <Execution id="a68e5faa-b4e8-4076-ba7a-768397e15b5f" />
      <TestMethod codeBase="C:/Users/mert.sakarya/documents/visual studio 2010/Projects/CodeFirst/MS.Katusha.Test/bin/Debug/MS.Katusha.Test.DLL" adapterTypeName="Microsoft.VisualStudio.TestTools.TestTypes.Unit.UnitTestAdapter, Microsoft.VisualStudio.QualityTools.Tips.UnitTest.Adapter, Version=10.0.0.0, Culture=neutral, PublicKeyToken=b03f5f7f11d50a3a" className="MS.Katusha.Test.KatushaRepositoryTest, MS.Katusha.Test, Version=1.0.0.0, Culture=neutral, PublicKeyToken=null" name="ShouldBeAbleToFindBoy" />
    </UnitTest>
    <UnitTest name="ShouldFindUser" storage="c:\users\mert.sakarya\documents\visual studio 2010\projects\codefirst\ms.katusha.test\bin\debug\ms.katusha.test.dll" id="15676237-f968-2375-d914-bdbeba90e511">
      <Execution id="9138713f-013d-410c-95e8-3aeeee943a19" />
      <TestMethod codeBase="C:/Users/mert.sakarya/documents/visual studio 2010/Projects/CodeFirst/MS.Katusha.Test/bin/Debug/MS.Katusha.Test.DLL" adapterTypeName="Microsoft.VisualStudio.TestTools.TestTypes.Unit.UnitTestAdapter, Microsoft.VisualStudio.QualityTools.Tips.UnitTest.Adapter, Version=10.0.0.0, Culture=neutral, PublicKeyToken=b03f5f7f11d50a3a" className="MS.Katusha.Test.BoyRepositoryTest, MS.Katusha.Test, Version=1.0.0.0, Culture=neutral, PublicKeyToken=null" name="ShouldFindUser" />
    </UnitTest>
    <UnitTest name="ShouldBeAbleToFindBoy2" storage="c:\users\mert.sakarya\documents\visual studio 2010\projects\codefirst\ms.katusha.test\bin\debug\ms.katusha.test.dll" id="329007e2-3baa-f261-caae-3580f430a309">
      <Execution id="a8dc54c0-c3b9-432e-ab57-1e7667340b5a" />
      <TestMethod codeBase="C:/Users/mert.sakarya/documents/visual studio 2010/Projects/CodeFirst/MS.Katusha.Test/bin/Debug/MS.Katusha.Test.DLL" adapterTypeName="Microsoft.VisualStudio.TestTools.TestTypes.Unit.UnitTestAdapter, Microsoft.VisualStudio.QualityTools.Tips.UnitTest.Adapter, Version=10.0.0.0, Culture=neutral, PublicKeyToken=b03f5f7f11d50a3a" className="MS.Katusha.Test.BoyRepositoryTest, MS.Katusha.Test, Version=1.0.0.0, Culture=neutral, PublicKeyToken=null" name="ShouldBeAbleToFindBoy2" />
    </UnitTest>
    <UnitTest name="ShouldBeAbleToFindAUser" storage="c:\users\mert.sakarya\documents\visual studio 2010\projects\codefirst\ms.katusha.test\bin\debug\ms.katusha.test.dll" id="877536f0-aab5-dc3d-50d4-130ded0dfe18">
      <Execution id="f503fa2e-ab6a-4077-b03d-377a913723e3" />
      <TestMethod codeBase="C:/Users/mert.sakarya/documents/visual studio 2010/Projects/CodeFirst/MS.Katusha.Test/bin/Debug/MS.Katusha.Test.DLL" adapterTypeName="Microsoft.VisualStudio.TestTools.TestTypes.Unit.UnitTestAdapter, Microsoft.VisualStudio.QualityTools.Tips.UnitTest.Adapter, Version=10.0.0.0, Culture=neutral, PublicKeyToken=b03f5f7f11d50a3a" className="MS.Katusha.Test.KatushaRepositoryTest, MS.Katusha.Test, Version=1.0.0.0, Culture=neutral, PublicKeyToken=null" name="ShouldBeAbleToFindAUser" />
    </UnitTest>
    <UnitTest name="TestVisits" storage="c:\users\mert.sakarya\documents\visual studio 2010\projects\codefirst\ms.katusha.test\bin\debug\ms.katusha.test.dll" id="d22554e5-525e-5d9c-f2ee-f7ad962ac07f">
      <Execution id="1cfdc143-5a2d-44ac-940e-b5847173c4fe" />
      <TestMethod codeBase="C:/Users/mert.sakarya/documents/visual studio 2010/Projects/CodeFirst/MS.Katusha.Test/bin/Debug/MS.Katusha.Test.DLL" adapterTypeName="Microsoft.VisualStudio.TestTools.TestTypes.Unit.UnitTestAdapter, Microsoft.VisualStudio.QualityTools.Tips.UnitTest.Adapter, Version=10.0.0.0, Culture=neutral, PublicKeyToken=b03f5f7f11d50a3a" className="MS.Katusha.Test.BoyRepositoryTest, MS.Katusha.Test, Version=1.0.0.0, Culture=neutral, PublicKeyToken=null" name="TestVisits" />
    </UnitTest>
  </TestDefinitions>
  <TestLists>
    <TestList name="Results Not in a List" id="8c84fa94-04c1-424b-9868-57a2d4851a1d" />
    <TestList name="All Loaded Results" id="19431567-8539-422a-85d7-44ee4e166bda" />
  </TestLists>
  <TestEntries>
    <TestEntry testId="2c3b54dd-eda2-8575-6b29-4aef6babadf6" executionId="a68e5faa-b4e8-4076-ba7a-768397e15b5f" testListId="8c84fa94-04c1-424b-9868-57a2d4851a1d" />
    <TestEntry testId="877536f0-aab5-dc3d-50d4-130ded0dfe18" executionId="f503fa2e-ab6a-4077-b03d-377a913723e3" testListId="8c84fa94-04c1-424b-9868-57a2d4851a1d" />
    <TestEntry testId="329007e2-3baa-f261-caae-3580f430a309" executionId="a8dc54c0-c3b9-432e-ab57-1e7667340b5a" testListId="8c84fa94-04c1-424b-9868-57a2d4851a1d" />
    <TestEntry testId="c110fe79-5d51-7c14-01d1-711d00a6e64f" executionId="5aeffc3f-a4a4-4d49-93c0-05fb236709e8" testListId="8c84fa94-04c1-424b-9868-57a2d4851a1d" />
    <TestEntry testId="612255e6-ac16-66c6-627d-e06d4332ae15" executionId="9a232f7e-ea32-4366-b8d6-5dd9591e1031" testListId="8c84fa94-04c1-424b-9868-57a2d4851a1d" />
    <TestEntry testId="d22554e5-525e-5d9c-f2ee-f7ad962ac07f" executionId="1cfdc143-5a2d-44ac-940e-b5847173c4fe" testListId="8c84fa94-04c1-424b-9868-57a2d4851a1d" />
    <TestEntry testId="15676237-f968-2375-d914-bdbeba90e511" executionId="9138713f-013d-410c-95e8-3aeeee943a19" testListId="8c84fa94-04c1-424b-9868-57a2d4851a1d" />
    <TestEntry testId="c7c8a49b-11c0-a7a1-93dd-80aee5255f3d" executionId="1a9b237f-6424-4a11-a504-7d61d1c90c5f" testListId="8c84fa94-04c1-424b-9868-57a2d4851a1d" />
  </TestEntries>
  <Results>
    <UnitTestResult executionId="a68e5faa-b4e8-4076-ba7a-768397e15b5f" testId="2c3b54dd-eda2-8575-6b29-4aef6babadf6" testName="ShouldBeAbleToFindBoy" computerName="MERTSAKARYA" duration="00:00:01.8568644" startTime="2012-03-05T20:34:12.2353671+02:00" endTime="2012-03-05T20:34:15.8545903+02:00" testType="13cdc9d9-ddb5-4fa4-a97d-d965ccfc6d4b" outcome="Passed" testListId="8c84fa94-04c1-424b-9868-57a2d4851a1d" relativeResultsDirectory="a68e5faa-b4e8-4076-ba7a-768397e15b5f">
      <Output>
        <DebugTrace>Found 1 boy and 2 photos, out of 3 boys and 4 girls.
</DebugTrace>
      </Output>
    </UnitTestResult>
    <UnitTestResult executionId="f503fa2e-ab6a-4077-b03d-377a913723e3" testId="877536f0-aab5-dc3d-50d4-130ded0dfe18" testName="ShouldBeAbleToFindAUser" computerName="MERTSAKARYA" duration="00:00:15.0751278" startTime="2012-03-05T20:34:15.8701904+02:00" endTime="2012-03-05T20:34:30.9453182+02:00" testType="13cdc9d9-ddb5-4fa4-a97d-d965ccfc6d4b" outcome="Aborted" testListId="8c84fa94-04c1-424b-9868-57a2d4851a1d" relativeResultsDirectory="f503fa2e-ab6a-4077-b03d-377a913723e3">
    </UnitTestResult>
    <UnitTestResult executionId="a8dc54c0-c3b9-432e-ab57-1e7667340b5a" testId="329007e2-3baa-f261-caae-3580f430a309" testName="ShouldBeAbleToFindBoy2" computerName="MERTSAKARYA" testType="13cdc9d9-ddb5-4fa4-a97d-d965ccfc6d4b" outcome="NotExecuted" testListId="8c84fa94-04c1-424b-9868-57a2d4851a1d" relativeResultsDirectory="a8dc54c0-c3b9-432e-ab57-1e7667340b5a">
    </UnitTestResult>
    <UnitTestResult executionId="5aeffc3f-a4a4-4d49-93c0-05fb236709e8" testId="c110fe79-5d51-7c14-01d1-711d00a6e64f" testName="ShouldBeAbleToFindBoy" computerName="MERTSAKARYA" testType="13cdc9d9-ddb5-4fa4-a97d-d965ccfc6d4b" outcome="NotExecuted" testListId="8c84fa94-04c1-424b-9868-57a2d4851a1d" relativeResultsDirectory="5aeffc3f-a4a4-4d49-93c0-05fb236709e8">
    </UnitTestResult>
    <UnitTestResult executionId="9a232f7e-ea32-4366-b8d6-5dd9591e1031" testId="612255e6-ac16-66c6-627d-e06d4332ae15" testName="TestVisitAndConversation" computerName="MERTSAKARYA" testType="13cdc9d9-ddb5-4fa4-a97d-d965ccfc6d4b" outcome="NotExecuted" testListId="8c84fa94-04c1-424b-9868-57a2d4851a1d" relativeResultsDirectory="9a232f7e-ea32-4366-b8d6-5dd9591e1031">
    </UnitTestResult>
    <UnitTestResult executionId="1cfdc143-5a2d-44ac-940e-b5847173c4fe" testId="d22554e5-525e-5d9c-f2ee-f7ad962ac07f" testName="TestVisits" computerName="MERTSAKARYA" testType="13cdc9d9-ddb5-4fa4-a97d-d965ccfc6d4b" outcome="NotExecuted" testListId="8c84fa94-04c1-424b-9868-57a2d4851a1d" relativeResultsDirectory="1cfdc143-5a2d-44ac-940e-b5847173c4fe">
    </UnitTestResult>
    <UnitTestResult executionId="9138713f-013d-410c-95e8-3aeeee943a19" testId="15676237-f968-2375-d914-bdbeba90e511" testName="ShouldFindUser" computerName="MERTSAKARYA" testType="13cdc9d9-ddb5-4fa4-a97d-d965ccfc6d4b" outcome="NotExecuted" testListId="8c84fa94-04c1-424b-9868-57a2d4851a1d" relativeResultsDirectory="9138713f-013d-410c-95e8-3aeeee943a19">
    </UnitTestResult>
    <UnitTestResult executionId="1a9b237f-6424-4a11-a504-7d61d1c90c5f" testId="c7c8a49b-11c0-a7a1-93dd-80aee5255f3d" testName="CreateNewPhoto" computerName="MERTSAKARYA" testType="13cdc9d9-ddb5-4fa4-a97d-d965ccfc6d4b" outcome="NotExecuted" testListId="8c84fa94-04c1-424b-9868-57a2d4851a1d" relativeResultsDirectory="1a9b237f-6424-4a11-a504-7d61d1c90c5f">
    </UnitTestResult>
  </Results>
</TestRun>