<?xml version="1.0" encoding="UTF-8"?>
<TestRun id="b2affda2-6d39-46de-bed9-a30d8826d6fd" name="mert.sakarya@MERTSAKARYA 2012-03-05 19:26:00" runUser="SAHIBINDEN\mert.sakarya" xmlns="http://microsoft.com/schemas/VisualStudio/TeamTest/2010">
  <TestSettings name="Local" id="68342950-b16e-4d12-b71a-95a7036c6fb6">
    <Description>These are default test settings for a local test run.</Description>
    <Deployment enabled="false" runDeploymentRoot="mert.sakarya_MERTSAKARYA 2012-03-05 19_26_00">
      <DeploymentItem filename="C:\Users\mert.sakarya\documents\visual studio 2010\Projects\CodeFirst\packages\EntityFramework.4.3.1\lib\net40\EntityFramework.dll" />
      <DeploymentItem filename="C:\Users\mert.sakarya\documents\visual studio 2010\Projects\CodeFirst\packages\SqlServerCompact.4.0.8852.1\lib\net40\System.Data.SqlServerCe.dll" />
      <DeploymentItem filename="C:\Users\mert.sakarya\documents\visual studio 2010\Projects\CodeFirst\MS.Katusha.Repository\bin\Debug\MS.Katusha.Repository.dll" />
      <DeploymentItem filename="C:\Users\mert.sakarya\documents\visual studio 2010\Projects\CodeFirst\packages\SqlServerCompact.4.0.8852.1\lib\net40\System.Data.SqlServerCe.Entity.dll" />
      <DeploymentItem filename="C:\Users\mert.sakarya\documents\visual studio 2010\Projects\CodeFirst\MS.Katusha.Domain\bin\Debug\MS.Katusha.Domain.dll" />
    </Deployment>
    <Execution>
      <TestTypeSpecific />
      <AgentRule name="Execution Agents">
      </AgentRule>
    </Execution>
  </TestSettings>
  <Times creation="2012-03-05T19:26:00.0537543+02:00" queuing="2012-03-05T19:26:01.7339223+02:00" start="2012-03-05T19:26:01.9639453+02:00" finish="2012-03-05T19:26:50.1963520+02:00" />
  <ResultSummary outcome="Error">
    <Counters total="5" executed="5" passed="4" error="0" failed="0" timeout="0" aborted="1" inconclusive="0" passedButRunAborted="0" notRunnable="0" notExecuted="0" disconnected="0" warning="0" completed="0" inProgress="0" pending="0" />
    <Output>
      <DebugTrace>Assembly Init
</DebugTrace>
    </Output>
    <RunInfos>
      <RunInfo computerName="MERTSAKARYA" outcome="Error" timestamp="2012-03-05T19:26:50.1953519+02:00">
        <Text>Test host process exited unexpectedly.</Text>
      </RunInfo>
    </RunInfos>
  </ResultSummary>
  <TestDefinitions>
    <UnitTest name="ShouldBeAbleToFindAUser" storage="c:\users\mert.sakarya\documents\visual studio 2010\projects\codefirst\ms.katusha.test\bin\debug\ms.katusha.test.dll" id="877536f0-aab5-dc3d-50d4-130ded0dfe18">
      <Execution id="257e9020-8711-4d59-8d2b-98043e47e135" />
      <TestMethod codeBase="C:/Users/mert.sakarya/documents/visual studio 2010/Projects/CodeFirst/MS.Katusha.Test/bin/Debug/MS.Katusha.Test.DLL" adapterTypeName="Microsoft.VisualStudio.TestTools.TestTypes.Unit.UnitTestAdapter, Microsoft.VisualStudio.QualityTools.Tips.UnitTest.Adapter, Version=10.0.0.0, Culture=neutral, PublicKeyToken=b03f5f7f11d50a3a" className="MS.Katusha.Test.KatushaRepositoryTest, MS.Katusha.Test, Version=1.0.0.0, Culture=neutral, PublicKeyToken=null" name="ShouldBeAbleToFindAUser" />
    </UnitTest>
    <UnitTest name="ShouldBeAbleToFindBoy2" storage="c:\users\mert.sakarya\documents\visual studio 2010\projects\codefirst\ms.katusha.test\bin\debug\ms.katusha.test.dll" id="329007e2-3baa-f261-caae-3580f430a309">
      <Execution id="4f342b33-9888-4cf1-babd-c0e491bf2081" />
      <TestMethod codeBase="C:/Users/mert.sakarya/documents/visual studio 2010/Projects/CodeFirst/MS.Katusha.Test/bin/Debug/MS.Katusha.Test.DLL" adapterTypeName="Microsoft.VisualStudio.TestTools.TestTypes.Unit.UnitTestAdapter, Microsoft.VisualStudio.QualityTools.Tips.UnitTest.Adapter, Version=10.0.0.0, Culture=neutral, PublicKeyToken=b03f5f7f11d50a3a" className="MS.Katusha.Test.BoyRepositoryTest, MS.Katusha.Test, Version=1.0.0.0, Culture=neutral, PublicKeyToken=null" name="ShouldBeAbleToFindBoy2" />
    </UnitTest>
    <UnitTest name="ShouldBeAbleToFindBoy" storage="c:\users\mert.sakarya\documents\visual studio 2010\projects\codefirst\ms.katusha.test\bin\debug\ms.katusha.test.dll" id="c110fe79-5d51-7c14-01d1-711d00a6e64f">
      <Execution id="a4088fb2-2319-44c5-b10d-ae13b197d715" />
      <TestMethod codeBase="C:/Users/mert.sakarya/documents/visual studio 2010/Projects/CodeFirst/MS.Katusha.Test/bin/Debug/MS.Katusha.Test.DLL" adapterTypeName="Microsoft.VisualStudio.TestTools.TestTypes.Unit.UnitTestAdapter, Microsoft.VisualStudio.QualityTools.Tips.UnitTest.Adapter, Version=10.0.0.0, Culture=neutral, PublicKeyToken=b03f5f7f11d50a3a" className="MS.Katusha.Test.BoyRepositoryTest, MS.Katusha.Test, Version=1.0.0.0, Culture=neutral, PublicKeyToken=null" name="ShouldBeAbleToFindBoy" />
    </UnitTest>
    <UnitTest name="ShouldBeAbleToFindBoy" storage="c:\users\mert.sakarya\documents\visual studio 2010\projects\codefirst\ms.katusha.test\bin\debug\ms.katusha.test.dll" id="2c3b54dd-eda2-8575-6b29-4aef6babadf6">
      <Execution id="35049bdd-addb-49c7-8dab-8e2e49878094" />
      <TestMethod codeBase="C:/Users/mert.sakarya/documents/visual studio 2010/Projects/CodeFirst/MS.Katusha.Test/bin/Debug/MS.Katusha.Test.DLL" adapterTypeName="Microsoft.VisualStudio.TestTools.TestTypes.Unit.UnitTestAdapter, Microsoft.VisualStudio.QualityTools.Tips.UnitTest.Adapter, Version=10.0.0.0, Culture=neutral, PublicKeyToken=b03f5f7f11d50a3a" className="MS.Katusha.Test.KatushaRepositoryTest, MS.Katusha.Test, Version=1.0.0.0, Culture=neutral, PublicKeyToken=null" name="ShouldBeAbleToFindBoy" />
    </UnitTest>
    <UnitTest name="TestVisitAndConversation" storage="c:\users\mert.sakarya\documents\visual studio 2010\projects\codefirst\ms.katusha.test\bin\debug\ms.katusha.test.dll" id="612255e6-ac16-66c6-627d-e06d4332ae15">
      <Execution id="d4a07dec-0774-456f-86ef-2df1e9eda075" />
      <TestMethod codeBase="C:/Users/mert.sakarya/documents/visual studio 2010/Projects/CodeFirst/MS.Katusha.Test/bin/Debug/MS.Katusha.Test.DLL" adapterTypeName="Microsoft.VisualStudio.TestTools.TestTypes.Unit.UnitTestAdapter, Microsoft.VisualStudio.QualityTools.Tips.UnitTest.Adapter, Version=10.0.0.0, Culture=neutral, PublicKeyToken=b03f5f7f11d50a3a" className="MS.Katusha.Test.BoyRepositoryTest, MS.Katusha.Test, Version=1.0.0.0, Culture=neutral, PublicKeyToken=null" name="TestVisitAndConversation" />
    </UnitTest>
  </TestDefinitions>
  <TestLists>
    <TestList name="Results Not in a List" id="8c84fa94-04c1-424b-9868-57a2d4851a1d" />
    <TestList name="All Loaded Results" id="19431567-8539-422a-85d7-44ee4e166bda" />
  </TestLists>
  <TestEntries>
    <TestEntry testId="2c3b54dd-eda2-8575-6b29-4aef6babadf6" executionId="35049bdd-addb-49c7-8dab-8e2e49878094" testListId="8c84fa94-04c1-424b-9868-57a2d4851a1d" />
    <TestEntry testId="877536f0-aab5-dc3d-50d4-130ded0dfe18" executionId="257e9020-8711-4d59-8d2b-98043e47e135" testListId="8c84fa94-04c1-424b-9868-57a2d4851a1d" />
    <TestEntry testId="329007e2-3baa-f261-caae-3580f430a309" executionId="4f342b33-9888-4cf1-babd-c0e491bf2081" testListId="8c84fa94-04c1-424b-9868-57a2d4851a1d" />
    <TestEntry testId="c110fe79-5d51-7c14-01d1-711d00a6e64f" executionId="a4088fb2-2319-44c5-b10d-ae13b197d715" testListId="8c84fa94-04c1-424b-9868-57a2d4851a1d" />
    <TestEntry testId="612255e6-ac16-66c6-627d-e06d4332ae15" executionId="d4a07dec-0774-456f-86ef-2df1e9eda075" testListId="8c84fa94-04c1-424b-9868-57a2d4851a1d" />
  </TestEntries>
  <Results>
    <UnitTestResult executionId="35049bdd-addb-49c7-8dab-8e2e49878094" testId="2c3b54dd-eda2-8575-6b29-4aef6babadf6" testName="ShouldBeAbleToFindBoy" computerName="MERTSAKARYA" duration="00:00:04.3522889" startTime="2012-03-05T19:26:02.1839673+02:00" endTime="2012-03-05T19:26:08.2985787+02:00" testType="13cdc9d9-ddb5-4fa4-a97d-d965ccfc6d4b" outcome="Passed" testListId="8c84fa94-04c1-424b-9868-57a2d4851a1d" relativeResultsDirectory="35049bdd-addb-49c7-8dab-8e2e49878094">
      <Output>
        <DebugTrace>Saved 0 entities to the database.
Found 1 boy and 2 photos, out of 3 boys and 3 girls.
</DebugTrace>
      </Output>
    </UnitTestResult>
    <UnitTestResult executionId="257e9020-8711-4d59-8d2b-98043e47e135" testId="877536f0-aab5-dc3d-50d4-130ded0dfe18" testName="ShouldBeAbleToFindAUser" computerName="MERTSAKARYA" duration="00:00:00.1091726" startTime="2012-03-05T19:26:08.3095798+02:00" endTime="2012-03-05T19:26:08.4279858+02:00" testType="13cdc9d9-ddb5-4fa4-a97d-d965ccfc6d4b" outcome="Passed" testListId="8c84fa94-04c1-424b-9868-57a2d4851a1d" relativeResultsDirectory="257e9020-8711-4d59-8d2b-98043e47e135">
      <Output>
        <DebugTrace>Result 05.03.2013 17:26:07
</DebugTrace>
      </Output>
    </UnitTestResult>
    <UnitTestResult executionId="4f342b33-9888-4cf1-babd-c0e491bf2081" testId="329007e2-3baa-f261-caae-3580f430a309" testName="ShouldBeAbleToFindBoy2" computerName="MERTSAKARYA" duration="00:00:00.1722061" startTime="2012-03-05T19:26:08.4369867+02:00" endTime="2012-03-05T19:26:08.6180048+02:00" testType="13cdc9d9-ddb5-4fa4-a97d-d965ccfc6d4b" outcome="Passed" testListId="8c84fa94-04c1-424b-9868-57a2d4851a1d" relativeResultsDirectory="4f342b33-9888-4cf1-babd-c0e491bf2081">
      <Output>
        <DebugTrace>Found User:
 Id: 2 | ts: System.Byte[] | ModifiedDate: 05.03.2012 17:26:07 | CreationsDate: 05.03.2012 17:26:07 | Guid: a936c6a6-694c-48ed-bdf3-85bd6bdd7d57 | Profile: Id: 2 | ts: System.Byte[] | ModifiedDate: 05.03.2012 17:26:07 | CreationsDate: 05.03.2012 17:26:07 | Guid: a936c6a6-694c-48ed-bdf3-85bd6bdd7d57 | FriendlyName: mertiko2 | UserId: 2 | State:  | Name:  | From: Turkey | City: Istanbul2 | BodyBuild:  | EyeColor:  | HairColor:  | Smokes:  | Alcohol:  | Religion:  | Height: 170 | BirthYear: 0 | DickSize: Medium | DickThickness: Thick | Gender: Male | UserName: mertsakarya2 | Email: mertsakarya@gmail.com | Phone:  | Password: 690514
Found boy with 2 photos.
Found boy with 2 photos.
Found boy with 2 photos.
</DebugTrace>
      </Output>
    </UnitTestResult>
    <UnitTestResult executionId="a4088fb2-2319-44c5-b10d-ae13b197d715" testId="c110fe79-5d51-7c14-01d1-711d00a6e64f" testName="ShouldBeAbleToFindBoy" computerName="MERTSAKARYA" duration="00:00:00.0303345" startTime="2012-03-05T19:26:08.6220052+02:00" endTime="2012-03-05T19:26:08.6580088+02:00" testType="13cdc9d9-ddb5-4fa4-a97d-d965ccfc6d4b" outcome="Passed" testListId="8c84fa94-04c1-424b-9868-57a2d4851a1d" relativeResultsDirectory="a4088fb2-2319-44c5-b10d-ae13b197d715">
      <Output>
        <DebugTrace>Found 3 boys and 3 boys
</DebugTrace>
      </Output>
    </UnitTestResult>
    <UnitTestResult executionId="d4a07dec-0774-456f-86ef-2df1e9eda075" testId="612255e6-ac16-66c6-627d-e06d4332ae15" testName="TestVisitAndConversation" computerName="MERTSAKARYA" duration="00:00:41.5343428" startTime="2012-03-05T19:26:08.6620092+02:00" endTime="2012-03-05T19:26:50.1963520+02:00" testType="13cdc9d9-ddb5-4fa4-a97d-d965ccfc6d4b" outcome="Aborted" testListId="8c84fa94-04c1-424b-9868-57a2d4851a1d" relativeResultsDirectory="d4a07dec-0774-456f-86ef-2df1e9eda075">
    </UnitTestResult>
  </Results>
</TestRun>