<?xml version="1.0" encoding="UTF-8"?>
<TestRun id="a183e38a-dd47-4dbf-b024-0560ed1ca356" name="mert.sakarya@MERTSAKARYA 2012-03-05 20:43:01" runUser="SAHIBINDEN\mert.sakarya" xmlns="http://microsoft.com/schemas/VisualStudio/TeamTest/2010">
  <TestSettings name="Local" id="68342950-b16e-4d12-b71a-95a7036c6fb6">
    <Description>These are default test settings for a local test run.</Description>
    <Deployment enabled="false" runDeploymentRoot="mert.sakarya_MERTSAKARYA 2012-03-05 20_43_01">
      <DeploymentItem filename="C:\Users\mert.sakarya\documents\visual studio 2010\Projects\CodeFirst\packages\EntityFramework.4.3.1\lib\net40\EntityFramework.dll" />
      <DeploymentItem filename="C:\Users\mert.sakarya\documents\visual studio 2010\Projects\CodeFirst\packages\SqlServerCompact.4.0.8852.1\lib\net40\System.Data.SqlServerCe.dll" />
      <DeploymentItem filename="C:\Users\mert.sakarya\documents\visual studio 2010\Projects\CodeFirst\MS.Katusha.Repository\bin\Debug\MS.Katusha.Repository.dll" />
      <DeploymentItem filename="C:\Users\mert.sakarya\documents\visual studio 2010\Projects\CodeFirst\packages\SqlServerCompact.4.0.8852.1\lib\net40\System.Data.SqlServerCe.Entity.dll" />
      <DeploymentItem filename="C:\Users\mert.sakarya\documents\visual studio 2010\Projects\CodeFirst\MS.Katusha.Domain\bin\Debug\MS.Katusha.Domain.dll" />
    </Deployment>
    <Execution>
      <TestTypeSpecific />
      <AgentRule name="Execution Agents">
      </AgentRule>
    </Execution>
  </TestSettings>
  <Times creation="2012-03-05T20:43:01.5871759+02:00" queuing="2012-03-05T20:43:03.1136059+02:00" start="2012-03-05T20:43:03.4100078+02:00" finish="2012-03-05T20:45:52.0017339+02:00" />
  <ResultSummary outcome="Completed">
    <Counters total="9" executed="9" passed="9" error="0" failed="0" timeout="0" aborted="0" inconclusive="0" passedButRunAborted="0" notRunnable="0" notExecuted="0" disconnected="0" warning="0" completed="0" inProgress="0" pending="0" />
    <Output>
      <DebugTrace>Assembly Init
ClassCleanup
AssemblyCleanup
</DebugTrace>
    </Output>
  </ResultSummary>
  <TestDefinitions>
    <UnitTest name="ShouldBeAbleToFindBoy" storage="c:\users\mert.sakarya\documents\visual studio 2010\projects\codefirst\ms.katusha.test\bin\debug\ms.katusha.test.dll" id="c110fe79-5d51-7c14-01d1-711d00a6e64f">
      <Execution id="f7cd38ab-464e-47ef-9167-8dd12a84725d" />
      <TestMethod codeBase="C:/Users/mert.sakarya/documents/visual studio 2010/Projects/CodeFirst/MS.Katusha.Test/bin/Debug/MS.Katusha.Test.DLL" adapterTypeName="Microsoft.VisualStudio.TestTools.TestTypes.Unit.UnitTestAdapter, Microsoft.VisualStudio.QualityTools.Tips.UnitTest.Adapter, Version=10.0.0.0, Culture=neutral, PublicKeyToken=b03f5f7f11d50a3a" className="MS.Katusha.Test.BoyRepositoryTest, MS.Katusha.Test, Version=1.0.0.0, Culture=neutral, PublicKeyToken=null" name="ShouldBeAbleToFindBoy" />
    </UnitTest>
    <UnitTest name="TestVisitAndConversation" storage="c:\users\mert.sakarya\documents\visual studio 2010\projects\codefirst\ms.katusha.test\bin\debug\ms.katusha.test.dll" id="612255e6-ac16-66c6-627d-e06d4332ae15">
      <Execution id="356bab3a-db33-4ad3-ba3b-192e1c89d42d" />
      <TestMethod codeBase="C:/Users/mert.sakarya/documents/visual studio 2010/Projects/CodeFirst/MS.Katusha.Test/bin/Debug/MS.Katusha.Test.DLL" adapterTypeName="Microsoft.VisualStudio.TestTools.TestTypes.Unit.UnitTestAdapter, Microsoft.VisualStudio.QualityTools.Tips.UnitTest.Adapter, Version=10.0.0.0, Culture=neutral, PublicKeyToken=b03f5f7f11d50a3a" className="MS.Katusha.Test.BoyRepositoryTest, MS.Katusha.Test, Version=1.0.0.0, Culture=neutral, PublicKeyToken=null" name="TestVisitAndConversation" />
    </UnitTest>
    <UnitTest name="CreateNewPhoto" storage="c:\users\mert.sakarya\documents\visual studio 2010\projects\codefirst\ms.katusha.test\bin\debug\ms.katusha.test.dll" id="c7c8a49b-11c0-a7a1-93dd-80aee5255f3d">
      <Execution id="9cd70bd0-e3ef-4af5-93d3-d18f06e98611" />
      <TestMethod codeBase="C:/Users/mert.sakarya/documents/visual studio 2010/Projects/CodeFirst/MS.Katusha.Test/bin/Debug/MS.Katusha.Test.DLL" adapterTypeName="Microsoft.VisualStudio.TestTools.TestTypes.Unit.UnitTestAdapter, Microsoft.VisualStudio.QualityTools.Tips.UnitTest.Adapter, Version=10.0.0.0, Culture=neutral, PublicKeyToken=b03f5f7f11d50a3a" className="MS.Katusha.Test.BoyRepositoryTest, MS.Katusha.Test, Version=1.0.0.0, Culture=neutral, PublicKeyToken=null" name="CreateNewPhoto" />
    </UnitTest>
    <UnitTest name="UpdatePhoto" storage="c:\users\mert.sakarya\documents\visual studio 2010\projects\codefirst\ms.katusha.test\bin\debug\ms.katusha.test.dll" id="1ca39a1b-1f74-feca-cc96-b7aff9a9f07e">
      <Execution id="ecb95929-ba5b-4242-98c0-8ded2f98d1ab" />
      <TestMethod codeBase="C:/Users/mert.sakarya/documents/visual studio 2010/Projects/CodeFirst/MS.Katusha.Test/bin/Debug/MS.Katusha.Test.DLL" adapterTypeName="Microsoft.VisualStudio.TestTools.TestTypes.Unit.UnitTestAdapter, Microsoft.VisualStudio.QualityTools.Tips.UnitTest.Adapter, Version=10.0.0.0, Culture=neutral, PublicKeyToken=b03f5f7f11d50a3a" className="MS.Katusha.Test.BoyRepositoryTest, MS.Katusha.Test, Version=1.0.0.0, Culture=neutral, PublicKeyToken=null" name="UpdatePhoto" />
    </UnitTest>
    <UnitTest name="ShouldBeAbleToFindBoy" storage="c:\users\mert.sakarya\documents\visual studio 2010\projects\codefirst\ms.katusha.test\bin\debug\ms.katusha.test.dll" id="2c3b54dd-eda2-8575-6b29-4aef6babadf6">
      <Execution id="f5213d6a-12bc-46c0-8f5b-7f0e4f034dc0" />
      <TestMethod codeBase="C:/Users/mert.sakarya/documents/visual studio 2010/Projects/CodeFirst/MS.Katusha.Test/bin/Debug/MS.Katusha.Test.DLL" adapterTypeName="Microsoft.VisualStudio.TestTools.TestTypes.Unit.UnitTestAdapter, Microsoft.VisualStudio.QualityTools.Tips.UnitTest.Adapter, Version=10.0.0.0, Culture=neutral, PublicKeyToken=b03f5f7f11d50a3a" className="MS.Katusha.Test.KatushaRepositoryTest, MS.Katusha.Test, Version=1.0.0.0, Culture=neutral, PublicKeyToken=null" name="ShouldBeAbleToFindBoy" />
    </UnitTest>
    <UnitTest name="ShouldFindUser" storage="c:\users\mert.sakarya\documents\visual studio 2010\projects\codefirst\ms.katusha.test\bin\debug\ms.katusha.test.dll" id="15676237-f968-2375-d914-bdbeba90e511">
      <Execution id="fd0ac000-0ed4-45de-8021-5252282a0629" />
      <TestMethod codeBase="C:/Users/mert.sakarya/documents/visual studio 2010/Projects/CodeFirst/MS.Katusha.Test/bin/Debug/MS.Katusha.Test.DLL" adapterTypeName="Microsoft.VisualStudio.TestTools.TestTypes.Unit.UnitTestAdapter, Microsoft.VisualStudio.QualityTools.Tips.UnitTest.Adapter, Version=10.0.0.0, Culture=neutral, PublicKeyToken=b03f5f7f11d50a3a" className="MS.Katusha.Test.BoyRepositoryTest, MS.Katusha.Test, Version=1.0.0.0, Culture=neutral, PublicKeyToken=null" name="ShouldFindUser" />
    </UnitTest>
    <UnitTest name="ShouldBeAbleToFindBoy2" storage="c:\users\mert.sakarya\documents\visual studio 2010\projects\codefirst\ms.katusha.test\bin\debug\ms.katusha.test.dll" id="329007e2-3baa-f261-caae-3580f430a309">
      <Execution id="855a428b-2729-455e-b66a-33f98169015e" />
      <TestMethod codeBase="C:/Users/mert.sakarya/documents/visual studio 2010/Projects/CodeFirst/MS.Katusha.Test/bin/Debug/MS.Katusha.Test.DLL" adapterTypeName="Microsoft.VisualStudio.TestTools.TestTypes.Unit.UnitTestAdapter, Microsoft.VisualStudio.QualityTools.Tips.UnitTest.Adapter, Version=10.0.0.0, Culture=neutral, PublicKeyToken=b03f5f7f11d50a3a" className="MS.Katusha.Test.BoyRepositoryTest, MS.Katusha.Test, Version=1.0.0.0, Culture=neutral, PublicKeyToken=null" name="ShouldBeAbleToFindBoy2" />
    </UnitTest>
    <UnitTest name="ShouldBeAbleToFindAUser" storage="c:\users\mert.sakarya\documents\visual studio 2010\projects\codefirst\ms.katusha.test\bin\debug\ms.katusha.test.dll" id="877536f0-aab5-dc3d-50d4-130ded0dfe18">
      <Execution id="727c51ea-f093-4c99-9e19-46065be371b8" />
      <TestMethod codeBase="C:/Users/mert.sakarya/documents/visual studio 2010/Projects/CodeFirst/MS.Katusha.Test/bin/Debug/MS.Katusha.Test.DLL" adapterTypeName="Microsoft.VisualStudio.TestTools.TestTypes.Unit.UnitTestAdapter, Microsoft.VisualStudio.QualityTools.Tips.UnitTest.Adapter, Version=10.0.0.0, Culture=neutral, PublicKeyToken=b03f5f7f11d50a3a" className="MS.Katusha.Test.KatushaRepositoryTest, MS.Katusha.Test, Version=1.0.0.0, Culture=neutral, PublicKeyToken=null" name="ShouldBeAbleToFindAUser" />
    </UnitTest>
    <UnitTest name="TestVisits" storage="c:\users\mert.sakarya\documents\visual studio 2010\projects\codefirst\ms.katusha.test\bin\debug\ms.katusha.test.dll" id="d22554e5-525e-5d9c-f2ee-f7ad962ac07f">
      <Execution id="4f0088a2-ba33-4870-b1b5-ad63cd0d7fc5" />
      <TestMethod codeBase="C:/Users/mert.sakarya/documents/visual studio 2010/Projects/CodeFirst/MS.Katusha.Test/bin/Debug/MS.Katusha.Test.DLL" adapterTypeName="Microsoft.VisualStudio.TestTools.TestTypes.Unit.UnitTestAdapter, Microsoft.VisualStudio.QualityTools.Tips.UnitTest.Adapter, Version=10.0.0.0, Culture=neutral, PublicKeyToken=b03f5f7f11d50a3a" className="MS.Katusha.Test.BoyRepositoryTest, MS.Katusha.Test, Version=1.0.0.0, Culture=neutral, PublicKeyToken=null" name="TestVisits" />
    </UnitTest>
  </TestDefinitions>
  <TestLists>
    <TestList name="Results Not in a List" id="8c84fa94-04c1-424b-9868-57a2d4851a1d" />
    <TestList name="All Loaded Results" id="19431567-8539-422a-85d7-44ee4e166bda" />
  </TestLists>
  <TestEntries>
    <TestEntry testId="2c3b54dd-eda2-8575-6b29-4aef6babadf6" executionId="f5213d6a-12bc-46c0-8f5b-7f0e4f034dc0" testListId="8c84fa94-04c1-424b-9868-57a2d4851a1d" />
    <TestEntry testId="877536f0-aab5-dc3d-50d4-130ded0dfe18" executionId="727c51ea-f093-4c99-9e19-46065be371b8" testListId="8c84fa94-04c1-424b-9868-57a2d4851a1d" />
    <TestEntry testId="329007e2-3baa-f261-caae-3580f430a309" executionId="855a428b-2729-455e-b66a-33f98169015e" testListId="8c84fa94-04c1-424b-9868-57a2d4851a1d" />
    <TestEntry testId="c110fe79-5d51-7c14-01d1-711d00a6e64f" executionId="f7cd38ab-464e-47ef-9167-8dd12a84725d" testListId="8c84fa94-04c1-424b-9868-57a2d4851a1d" />
    <TestEntry testId="612255e6-ac16-66c6-627d-e06d4332ae15" executionId="356bab3a-db33-4ad3-ba3b-192e1c89d42d" testListId="8c84fa94-04c1-424b-9868-57a2d4851a1d" />
    <TestEntry testId="d22554e5-525e-5d9c-f2ee-f7ad962ac07f" executionId="4f0088a2-ba33-4870-b1b5-ad63cd0d7fc5" testListId="8c84fa94-04c1-424b-9868-57a2d4851a1d" />
    <TestEntry testId="15676237-f968-2375-d914-bdbeba90e511" executionId="fd0ac000-0ed4-45de-8021-5252282a0629" testListId="8c84fa94-04c1-424b-9868-57a2d4851a1d" />
    <TestEntry testId="c7c8a49b-11c0-a7a1-93dd-80aee5255f3d" executionId="9cd70bd0-e3ef-4af5-93d3-d18f06e98611" testListId="8c84fa94-04c1-424b-9868-57a2d4851a1d" />
    <TestEntry testId="1ca39a1b-1f74-feca-cc96-b7aff9a9f07e" executionId="ecb95929-ba5b-4242-98c0-8ded2f98d1ab" testListId="8c84fa94-04c1-424b-9868-57a2d4851a1d" />
  </TestEntries>
  <Results>
    <UnitTestResult executionId="f5213d6a-12bc-46c0-8f5b-7f0e4f034dc0" testId="2c3b54dd-eda2-8575-6b29-4aef6babadf6" testName="ShouldBeAbleToFindBoy" computerName="MERTSAKARYA" duration="00:00:01.9840455" startTime="2012-03-05T20:43:03.6752095+02:00" endTime="2012-03-05T20:43:07.2320323+02:00" testType="13cdc9d9-ddb5-4fa4-a97d-d965ccfc6d4b" outcome="Passed" testListId="8c84fa94-04c1-424b-9868-57a2d4851a1d" relativeResultsDirectory="f5213d6a-12bc-46c0-8f5b-7f0e4f034dc0">
      <Output>
        <DebugTrace>Found 1 boy and 2 photos, out of 3 boys and 3 girls.
</DebugTrace>
      </Output>
    </UnitTestResult>
    <UnitTestResult executionId="727c51ea-f093-4c99-9e19-46065be371b8" testId="877536f0-aab5-dc3d-50d4-130ded0dfe18" testName="ShouldBeAbleToFindAUser" computerName="MERTSAKARYA" duration="00:00:00.2598918" startTime="2012-03-05T20:43:07.2476324+02:00" endTime="2012-03-05T20:43:07.5128341+02:00" testType="13cdc9d9-ddb5-4fa4-a97d-d965ccfc6d4b" outcome="Passed" testListId="8c84fa94-04c1-424b-9868-57a2d4851a1d" relativeResultsDirectory="727c51ea-f093-4c99-9e19-46065be371b8">
      <Output>
        <DebugTrace>Result 05.03.2013 18:34:53
</DebugTrace>
      </Output>
    </UnitTestResult>
    <UnitTestResult executionId="855a428b-2729-455e-b66a-33f98169015e" testId="329007e2-3baa-f261-caae-3580f430a309" testName="ShouldBeAbleToFindBoy2" computerName="MERTSAKARYA" duration="00:00:00.1940600" startTime="2012-03-05T20:43:07.5128341+02:00" endTime="2012-03-05T20:43:07.7468356+02:00" testType="13cdc9d9-ddb5-4fa4-a97d-d965ccfc6d4b" outcome="Passed" testListId="8c84fa94-04c1-424b-9868-57a2d4851a1d" relativeResultsDirectory="855a428b-2729-455e-b66a-33f98169015e">
      <Output>
        <DebugTrace>Found User:
 Id: 2 | ts: System.Byte[] | ModifiedDate: 05.03.2012 18:34:53 | CreationsDate: 05.03.2012 18:34:53 | Guid: f7097724-1960-454d-bf41-d6659980d46d | Profile: Id: 2 | ts: System.Byte[] | ModifiedDate: 05.03.2012 18:34:53 | CreationsDate: 05.03.2012 18:34:53 | Guid: f7097724-1960-454d-bf41-d6659980d46d | FriendlyName: mertiko2 | UserId: 2 | State:  | Name:  | From: Turkey | City: Istanbul2 | BodyBuild:  | EyeColor:  | HairColor:  | Smokes:  | Alcohol:  | Religion:  | Height: 170 | BirthYear: 0 | DickSize: Medium | DickThickness: Thick | Gender: Male | UserName: mertsakarya2 | Email: mertsakarya@gmail.com | Phone:  | Password: 690514
Found boy with 2 photos.
Found boy with 2 photos.
Found boy with 2 photos.
</DebugTrace>
      </Output>
    </UnitTestResult>
    <UnitTestResult executionId="f7cd38ab-464e-47ef-9167-8dd12a84725d" testId="c110fe79-5d51-7c14-01d1-711d00a6e64f" testName="ShouldBeAbleToFindBoy" computerName="MERTSAKARYA" duration="00:00:00.0254906" startTime="2012-03-05T20:43:07.7468356+02:00" endTime="2012-03-05T20:43:07.7780358+02:00" testType="13cdc9d9-ddb5-4fa4-a97d-d965ccfc6d4b" outcome="Passed" testListId="8c84fa94-04c1-424b-9868-57a2d4851a1d" relativeResultsDirectory="f7cd38ab-464e-47ef-9167-8dd12a84725d">
      <Output>
        <DebugTrace>Found 3 boys and 3 boys
</DebugTrace>
      </Output>
    </UnitTestResult>
    <UnitTestResult executionId="356bab3a-db33-4ad3-ba3b-192e1c89d42d" testId="612255e6-ac16-66c6-627d-e06d4332ae15" testName="TestVisitAndConversation" computerName="MERTSAKARYA" duration="00:00:00.3077927" startTime="2012-03-05T20:43:07.7936359+02:00" endTime="2012-03-05T20:43:08.1056379+02:00" testType="13cdc9d9-ddb5-4fa4-a97d-d965ccfc6d4b" outcome="Passed" testListId="8c84fa94-04c1-424b-9868-57a2d4851a1d" relativeResultsDirectory="356bab3a-db33-4ad3-ba3b-192e1c89d42d">
      <Output>
        <DebugTrace>Id: 43 | ts: System.Byte[] | ModifiedDate: 05.03.2012 18:43:07 | CreationsDate: 05.03.2012 18:43:07 | Guid: 477b48be-c16c-45b6-b81d-1ede09162691 | ProfileId: 1 | VisitorProfileId: 4
Id: 4 | ts: System.Byte[] | ModifiedDate: 05.03.2012 18:43:07 | CreationsDate: 05.03.2012 18:43:07 | Guid: ce03566f-4334-4c33-adcf-3403eb96d4a0 | From: 1 | To: 4 | ReadDate:  | Subject: Hi
MESSAGE: [

I would 
Like to meet you

]
Id: 4 | ts: System.Byte[] | ModifiedDate: 05.03.2012 18:43:07 | CreationsDate: 05.03.2012 18:43:07 | Guid: ce03566f-4334-4c33-adcf-3403eb96d4a0 | From: 1 | To: 4 | ReadDate:  | Subject: Hi
MESSAGE: [

I would 
Like to meet you

]
</DebugTrace>
      </Output>
    </UnitTestResult>
    <UnitTestResult executionId="4f0088a2-ba33-4870-b1b5-ad63cd0d7fc5" testId="d22554e5-525e-5d9c-f2ee-f7ad962ac07f" testName="TestVisits" computerName="MERTSAKARYA" duration="00:00:00.3717016" startTime="2012-03-05T20:43:08.1056379+02:00" endTime="2012-03-05T20:43:08.4956404+02:00" testType="13cdc9d9-ddb5-4fa4-a97d-d965ccfc6d4b" outcome="Passed" testListId="8c84fa94-04c1-424b-9868-57a2d4851a1d" relativeResultsDirectory="4f0088a2-ba33-4870-b1b5-ad63cd0d7fc5">
      <Output>
        <DebugTrace>Id: 44 | ts: System.Byte[] | ModifiedDate: 05.03.2012 18:43:08 | CreationsDate: 05.03.2012 18:43:08 | Guid: 807ce5be-d399-49b4-af3a-033c735f0b55 | ProfileId: 1 | VisitorProfileId: 6
Id: 45 | ts: System.Byte[] | ModifiedDate: 05.03.2012 18:43:08 | CreationsDate: 05.03.2012 18:43:08 | Guid: 64b2aab5-edf7-46bc-8975-700f7785a4ce | ProfileId: 3 | VisitorProfileId: 5
Id: 46 | ts: System.Byte[] | ModifiedDate: 05.03.2012 18:43:08 | CreationsDate: 05.03.2012 18:43:08 | Guid: ad7b5fad-4ceb-486c-a909-81654e97aeee | ProfileId: 1 | VisitorProfileId: 5
Id: 47 | ts: System.Byte[] | ModifiedDate: 05.03.2012 18:43:08 | CreationsDate: 05.03.2012 18:43:08 | Guid: cbd5df32-89d5-4090-bfa8-012f027e5e87 | ProfileId: 1 | VisitorProfileId: 5
Id: 48 | ts: System.Byte[] | ModifiedDate: 05.03.2012 18:43:08 | CreationsDate: 05.03.2012 18:43:08 | Guid: 344cbaea-f1f2-4844-ac96-88eb94f7b881 | ProfileId: 2 | VisitorProfileId: 4
Id: 49 | ts: System.Byte[] | ModifiedDate: 05.03.2012 18:43:08 | CreationsDate: 05.03.2012 18:43:08 | Guid: 97619b8e-6dea-4ea4-a88b-5c2c1e48b7ae | ProfileId: 3 | VisitorProfileId: 4
Id: 50 | ts: System.Byte[] | ModifiedDate: 05.03.2012 18:43:08 | CreationsDate: 05.03.2012 18:43:08 | Guid: 21e6902b-38b4-4390-b944-5f6ff7e7447c | ProfileId: 1 | VisitorProfileId: 4
Id: 51 | ts: System.Byte[] | ModifiedDate: 05.03.2012 18:43:08 | CreationsDate: 05.03.2012 18:43:08 | Guid: 8f9e8ae6-3549-47a3-8729-ed7f2cd661d4 | ProfileId: 4 | VisitorProfileId: 5
Id: 4 | ts: System.Byte[] | ModifiedDate: 05.03.2012 18:34:53 | CreationsDate: 05.03.2012 18:34:53 | Guid: 409ed41c-134e-4eb9-bbfb-16b3b1811dcd | FriendlyName: girl_mertiko4 | UserId: 4 | State:  | Name:  | From: Turkey | City: Ankara4 | BodyBuild:  | EyeColor:  | HairColor:  | Smokes:  | Alcohol:  | Religion:  | Height: 170 | BirthYear: 0
Photos: [
	Id: 7 | ts: System.Byte[] | ModifiedDate: 05.03.2012 18:34:53 | CreationsDate: 05.03.2012 18:34:53 | Guid: fe90615a-ba2f-45dc-9d11-f78aebab823e | ProfileId: 4 | Description: [
Açıklama4
]
	Id: 8 | ts: System.Byte[] | ModifiedDate: 05.03.2012 18:34:53 | CreationsDate: 05.03.2012 18:34:53 | Guid: 7aa234cb-798d-48b3-ae8d-98991eb2c8de | ProfileId: 4 | Description: [
Açıklama24
]
	Id: 13 | ts: System.Byte[] | ModifiedDate: 05.03.2012 18:34:55 | CreationsDate: 05.03.2012 18:34:55 | Guid: 8406f21d-5442-4c3b-8309-7600826fa6a0 | ProfileId: 4 | Description: [
Ali
]
	Id: 14 | ts: System.Byte[] | ModifiedDate: 05.03.2012 18:35:50 | CreationsDate: 05.03.2012 18:35:50 | Guid: a43e8730-703a-43ed-8022-ff33a6afc301 | ProfileId: 4 | Description: [
Veli
]
	Id: 15 | ts: System.Byte[] | ModifiedDate: 05.03.2012 18:42:49 | CreationsDate: 05.03.2012 18:42:49 | Guid: cc4cbfe8-94cc-44fb-94c2-11ec558938b7 | ProfileId: 4 | Description: [
Veli
]
] | BreastSize: Large
</DebugTrace>
      </Output>
    </UnitTestResult>
    <UnitTestResult executionId="fd0ac000-0ed4-45de-8021-5252282a0629" testId="15676237-f968-2375-d914-bdbeba90e511" testName="ShouldFindUser" computerName="MERTSAKARYA" duration="00:00:00.0705304" startTime="2012-03-05T20:43:08.4956404+02:00" endTime="2012-03-05T20:43:08.5736409+02:00" testType="13cdc9d9-ddb5-4fa4-a97d-d965ccfc6d4b" outcome="Passed" testListId="8c84fa94-04c1-424b-9868-57a2d4851a1d" relativeResultsDirectory="fd0ac000-0ed4-45de-8021-5252282a0629">
      <Output>
        <DebugTrace>Found User:
 Id: 4 | ts: System.Byte[] | ModifiedDate: 05.03.2012 18:34:53 | CreationsDate: 05.03.2012 18:34:53 | Guid: 409ed41c-134e-4eb9-bbfb-16b3b1811dcd | Profile: Id: 4 | ts: System.Byte[] | ModifiedDate: 05.03.2012 18:34:53 | CreationsDate: 05.03.2012 18:34:53 | Guid: 409ed41c-134e-4eb9-bbfb-16b3b1811dcd | FriendlyName: girl_mertiko4 | UserId: 4 | State:  | Name:  | From: Turkey | City: Ankara4 | BodyBuild:  | EyeColor:  | HairColor:  | Smokes:  | Alcohol:  | Religion:  | Height: 170 | BirthYear: 0 | BreastSize: Large | Gender: Female | UserName: mertsakarya4 | Email: mertsakarya@gmail.com | Phone:  | Password: 690514
</DebugTrace>
      </Output>
    </UnitTestResult>
    <UnitTestResult executionId="9cd70bd0-e3ef-4af5-93d3-d18f06e98611" testId="c7c8a49b-11c0-a7a1-93dd-80aee5255f3d" testName="CreateNewPhoto" computerName="MERTSAKARYA" duration="00:00:00.0368013" startTime="2012-03-05T20:43:08.5892410+02:00" endTime="2012-03-05T20:43:08.6204412+02:00" testType="13cdc9d9-ddb5-4fa4-a97d-d965ccfc6d4b" outcome="Passed" testListId="8c84fa94-04c1-424b-9868-57a2d4851a1d" relativeResultsDirectory="9cd70bd0-e3ef-4af5-93d3-d18f06e98611">
      <Output>
        <DebugTrace>Id: 16 | ts: System.Byte[] | ModifiedDate: 05.03.2012 18:43:08 | CreationsDate: 05.03.2012 18:43:08 | Guid: 795efef2-4aa7-4e45-a0b7-535e4e5f2a3d | ProfileId: 4 | Description: [
Veli
]
</DebugTrace>
      </Output>
    </UnitTestResult>
    <UnitTestResult executionId="ecb95929-ba5b-4242-98c0-8ded2f98d1ab" testId="1ca39a1b-1f74-feca-cc96-b7aff9a9f07e" testName="UpdatePhoto" computerName="MERTSAKARYA" duration="00:02:43.2728307" startTime="2012-03-05T20:43:08.6360413+02:00" endTime="2012-03-05T20:45:51.8895329+02:00" testType="13cdc9d9-ddb5-4fa4-a97d-d965ccfc6d4b" outcome="Passed" testListId="8c84fa94-04c1-424b-9868-57a2d4851a1d" relativeResultsDirectory="ecb95929-ba5b-4242-98c0-8ded2f98d1ab">
      <Output>
        <DebugTrace>Id: 4 | ts: System.Byte[] | ModifiedDate: 05.03.2012 18:34:53 | CreationsDate: 05.03.2012 18:34:53 | Guid: 409ed41c-134e-4eb9-bbfb-16b3b1811dcd | Profile: Id: 4 | ts: System.Byte[] | ModifiedDate: 05.03.2012 18:34:53 | CreationsDate: 05.03.2012 18:34:53 | Guid: 409ed41c-134e-4eb9-bbfb-16b3b1811dcd | FriendlyName: girl_mertiko4 | UserId: 4 | State:  | Name:  | From: Turkey | City: Ankara4 | BodyBuild:  | EyeColor:  | HairColor:  | Smokes:  | Alcohol:  | Religion:  | Height: 170 | BirthYear: 0
Photos: [
	Id: 7 | ts: System.Byte[] | ModifiedDate: 05.03.2012 18:34:53 | CreationsDate: 05.03.2012 18:34:53 | Guid: fe90615a-ba2f-45dc-9d11-f78aebab823e | ProfileId: 4 | Description: [
Açıklama4
]
	Id: 8 | ts: System.Byte[] | ModifiedDate: 05.03.2012 18:43:23 | CreationsDate: 05.03.2012 18:34:53 | Guid: 7aa234cb-798d-48b3-ae8d-98991eb2c8de | ProfileId: 4 | Description: [
Deneme
]
	Id: 13 | ts: System.Byte[] | ModifiedDate: 05.03.2012 18:34:55 | CreationsDate: 05.03.2012 18:34:55 | Guid: 8406f21d-5442-4c3b-8309-7600826fa6a0 | ProfileId: 4 | Description: [
Ali
]
	Id: 14 | ts: System.Byte[] | ModifiedDate: 05.03.2012 18:35:50 | CreationsDate: 05.03.2012 18:35:50 | Guid: a43e8730-703a-43ed-8022-ff33a6afc301 | ProfileId: 4 | Description: [
Veli
]
	Id: 15 | ts: System.Byte[] | ModifiedDate: 05.03.2012 18:42:49 | CreationsDate: 05.03.2012 18:42:49 | Guid: cc4cbfe8-94cc-44fb-94c2-11ec558938b7 | ProfileId: 4 | Description: [
Veli
]
	Id: 16 | ts: System.Byte[] | ModifiedDate: 05.03.2012 18:43:08 | CreationsDate: 05.03.2012 18:43:08 | Guid: 795efef2-4aa7-4e45-a0b7-535e4e5f2a3d | ProfileId: 4 | Description: [
Veli
]
] | BreastSize: Large | Gender: Female | UserName: mertsakarya4 | Email: mertsakarya@gmail.com | Phone:  | Password: 690514
</DebugTrace>
      </Output>
    </UnitTestResult>
  </Results>
</TestRun>