<?xml version="1.0" encoding="UTF-8"?>
<TestRun id="977a5804-7099-4183-8bcd-e7d27b5d89c8" name="mert.sakarya@MERTSAKARYA 2012-03-05 20:26:49" runUser="SAHIBINDEN\mert.sakarya" xmlns="http://microsoft.com/schemas/VisualStudio/TeamTest/2010">
  <TestSettings name="Local" id="68342950-b16e-4d12-b71a-95a7036c6fb6">
    <Description>These are default test settings for a local test run.</Description>
    <Deployment enabled="false" runDeploymentRoot="mert.sakarya_MERTSAKARYA 2012-03-05 20_26_49">
      <DeploymentItem filename="C:\Users\mert.sakarya\documents\visual studio 2010\Projects\CodeFirst\packages\EntityFramework.4.3.1\lib\net40\EntityFramework.dll" />
      <DeploymentItem filename="C:\Users\mert.sakarya\documents\visual studio 2010\Projects\CodeFirst\packages\SqlServerCompact.4.0.8852.1\lib\net40\System.Data.SqlServerCe.dll" />
      <DeploymentItem filename="C:\Users\mert.sakarya\documents\visual studio 2010\Projects\CodeFirst\MS.Katusha.Repository\bin\Debug\MS.Katusha.Repository.dll" />
      <DeploymentItem filename="C:\Users\mert.sakarya\documents\visual studio 2010\Projects\CodeFirst\packages\SqlServerCompact.4.0.8852.1\lib\net40\System.Data.SqlServerCe.Entity.dll" />
      <DeploymentItem filename="C:\Users\mert.sakarya\documents\visual studio 2010\Projects\CodeFirst\MS.Katusha.Domain\bin\Debug\MS.Katusha.Domain.dll" />
    </Deployment>
    <Execution>
      <TestTypeSpecific />
      <AgentRule name="Execution Agents">
      </AgentRule>
    </Execution>
  </TestSettings>
  <Times creation="2012-03-05T20:26:49.9530518+02:00" queuing="2012-03-05T20:26:51.3726609+02:00" start="2012-03-05T20:26:51.5286619+02:00" finish="2012-03-05T20:26:59.3453121+02:00" />
  <ResultSummary outcome="Completed">
    <Counters total="6" executed="6" passed="6" error="0" failed="0" timeout="0" aborted="0" inconclusive="0" passedButRunAborted="0" notRunnable="0" notExecuted="0" disconnected="0" warning="0" completed="0" inProgress="0" pending="0" />
    <Output>
      <DebugTrace>Assembly Init
ClassCleanup
AssemblyCleanup
</DebugTrace>
    </Output>
  </ResultSummary>
  <TestDefinitions>
    <UnitTest name="ShouldBeAbleToFindBoy" storage="c:\users\mert.sakarya\documents\visual studio 2010\projects\codefirst\ms.katusha.test\bin\debug\ms.katusha.test.dll" id="c110fe79-5d51-7c14-01d1-711d00a6e64f">
      <Execution id="a920510e-8e96-493d-aa26-439d42e66262" />
      <TestMethod codeBase="C:/Users/mert.sakarya/documents/visual studio 2010/Projects/CodeFirst/MS.Katusha.Test/bin/Debug/MS.Katusha.Test.DLL" adapterTypeName="Microsoft.VisualStudio.TestTools.TestTypes.Unit.UnitTestAdapter, Microsoft.VisualStudio.QualityTools.Tips.UnitTest.Adapter, Version=10.0.0.0, Culture=neutral, PublicKeyToken=b03f5f7f11d50a3a" className="MS.Katusha.Test.BoyRepositoryTest, MS.Katusha.Test, Version=1.0.0.0, Culture=neutral, PublicKeyToken=null" name="ShouldBeAbleToFindBoy" />
    </UnitTest>
    <UnitTest name="TestVisitAndConversation" storage="c:\users\mert.sakarya\documents\visual studio 2010\projects\codefirst\ms.katusha.test\bin\debug\ms.katusha.test.dll" id="612255e6-ac16-66c6-627d-e06d4332ae15">
      <Execution id="7a87e202-876a-4292-951a-bc790bebccc5" />
      <TestMethod codeBase="C:/Users/mert.sakarya/documents/visual studio 2010/Projects/CodeFirst/MS.Katusha.Test/bin/Debug/MS.Katusha.Test.DLL" adapterTypeName="Microsoft.VisualStudio.TestTools.TestTypes.Unit.UnitTestAdapter, Microsoft.VisualStudio.QualityTools.Tips.UnitTest.Adapter, Version=10.0.0.0, Culture=neutral, PublicKeyToken=b03f5f7f11d50a3a" className="MS.Katusha.Test.BoyRepositoryTest, MS.Katusha.Test, Version=1.0.0.0, Culture=neutral, PublicKeyToken=null" name="TestVisitAndConversation" />
    </UnitTest>
    <UnitTest name="ShouldBeAbleToFindBoy" storage="c:\users\mert.sakarya\documents\visual studio 2010\projects\codefirst\ms.katusha.test\bin\debug\ms.katusha.test.dll" id="2c3b54dd-eda2-8575-6b29-4aef6babadf6">
      <Execution id="4d261bf6-1840-4791-8b04-6e2372cd00c7" />
      <TestMethod codeBase="C:/Users/mert.sakarya/documents/visual studio 2010/Projects/CodeFirst/MS.Katusha.Test/bin/Debug/MS.Katusha.Test.DLL" adapterTypeName="Microsoft.VisualStudio.TestTools.TestTypes.Unit.UnitTestAdapter, Microsoft.VisualStudio.QualityTools.Tips.UnitTest.Adapter, Version=10.0.0.0, Culture=neutral, PublicKeyToken=b03f5f7f11d50a3a" className="MS.Katusha.Test.KatushaRepositoryTest, MS.Katusha.Test, Version=1.0.0.0, Culture=neutral, PublicKeyToken=null" name="ShouldBeAbleToFindBoy" />
    </UnitTest>
    <UnitTest name="ShouldBeAbleToFindBoy2" storage="c:\users\mert.sakarya\documents\visual studio 2010\projects\codefirst\ms.katusha.test\bin\debug\ms.katusha.test.dll" id="329007e2-3baa-f261-caae-3580f430a309">
      <Execution id="4bd4c8bc-10cb-439c-80d5-76509d2a25ad" />
      <TestMethod codeBase="C:/Users/mert.sakarya/documents/visual studio 2010/Projects/CodeFirst/MS.Katusha.Test/bin/Debug/MS.Katusha.Test.DLL" adapterTypeName="Microsoft.VisualStudio.TestTools.TestTypes.Unit.UnitTestAdapter, Microsoft.VisualStudio.QualityTools.Tips.UnitTest.Adapter, Version=10.0.0.0, Culture=neutral, PublicKeyToken=b03f5f7f11d50a3a" className="MS.Katusha.Test.BoyRepositoryTest, MS.Katusha.Test, Version=1.0.0.0, Culture=neutral, PublicKeyToken=null" name="ShouldBeAbleToFindBoy2" />
    </UnitTest>
    <UnitTest name="ShouldBeAbleToFindAUser" storage="c:\users\mert.sakarya\documents\visual studio 2010\projects\codefirst\ms.katusha.test\bin\debug\ms.katusha.test.dll" id="877536f0-aab5-dc3d-50d4-130ded0dfe18">
      <Execution id="a25984c1-f9b1-42a9-b9bb-e7a06453ff14" />
      <TestMethod codeBase="C:/Users/mert.sakarya/documents/visual studio 2010/Projects/CodeFirst/MS.Katusha.Test/bin/Debug/MS.Katusha.Test.DLL" adapterTypeName="Microsoft.VisualStudio.TestTools.TestTypes.Unit.UnitTestAdapter, Microsoft.VisualStudio.QualityTools.Tips.UnitTest.Adapter, Version=10.0.0.0, Culture=neutral, PublicKeyToken=b03f5f7f11d50a3a" className="MS.Katusha.Test.KatushaRepositoryTest, MS.Katusha.Test, Version=1.0.0.0, Culture=neutral, PublicKeyToken=null" name="ShouldBeAbleToFindAUser" />
    </UnitTest>
    <UnitTest name="TestVisits" storage="c:\users\mert.sakarya\documents\visual studio 2010\projects\codefirst\ms.katusha.test\bin\debug\ms.katusha.test.dll" id="d22554e5-525e-5d9c-f2ee-f7ad962ac07f">
      <Execution id="15dd0823-d8f9-4a5c-8215-4d45c0189137" />
      <TestMethod codeBase="C:/Users/mert.sakarya/documents/visual studio 2010/Projects/CodeFirst/MS.Katusha.Test/bin/Debug/MS.Katusha.Test.DLL" adapterTypeName="Microsoft.VisualStudio.TestTools.TestTypes.Unit.UnitTestAdapter, Microsoft.VisualStudio.QualityTools.Tips.UnitTest.Adapter, Version=10.0.0.0, Culture=neutral, PublicKeyToken=b03f5f7f11d50a3a" className="MS.Katusha.Test.BoyRepositoryTest, MS.Katusha.Test, Version=1.0.0.0, Culture=neutral, PublicKeyToken=null" name="TestVisits" />
    </UnitTest>
  </TestDefinitions>
  <TestLists>
    <TestList name="Results Not in a List" id="8c84fa94-04c1-424b-9868-57a2d4851a1d" />
    <TestList name="All Loaded Results" id="19431567-8539-422a-85d7-44ee4e166bda" />
  </TestLists>
  <TestEntries>
    <TestEntry testId="2c3b54dd-eda2-8575-6b29-4aef6babadf6" executionId="4d261bf6-1840-4791-8b04-6e2372cd00c7" testListId="8c84fa94-04c1-424b-9868-57a2d4851a1d" />
    <TestEntry testId="877536f0-aab5-dc3d-50d4-130ded0dfe18" executionId="a25984c1-f9b1-42a9-b9bb-e7a06453ff14" testListId="8c84fa94-04c1-424b-9868-57a2d4851a1d" />
    <TestEntry testId="329007e2-3baa-f261-caae-3580f430a309" executionId="4bd4c8bc-10cb-439c-80d5-76509d2a25ad" testListId="8c84fa94-04c1-424b-9868-57a2d4851a1d" />
    <TestEntry testId="c110fe79-5d51-7c14-01d1-711d00a6e64f" executionId="a920510e-8e96-493d-aa26-439d42e66262" testListId="8c84fa94-04c1-424b-9868-57a2d4851a1d" />
    <TestEntry testId="612255e6-ac16-66c6-627d-e06d4332ae15" executionId="7a87e202-876a-4292-951a-bc790bebccc5" testListId="8c84fa94-04c1-424b-9868-57a2d4851a1d" />
    <TestEntry testId="d22554e5-525e-5d9c-f2ee-f7ad962ac07f" executionId="15dd0823-d8f9-4a5c-8215-4d45c0189137" testListId="8c84fa94-04c1-424b-9868-57a2d4851a1d" />
  </TestEntries>
  <Results>
    <UnitTestResult executionId="4d261bf6-1840-4791-8b04-6e2372cd00c7" testId="2c3b54dd-eda2-8575-6b29-4aef6babadf6" testName="ShouldBeAbleToFindBoy" computerName="MERTSAKARYA" duration="00:00:04.7532845" startTime="2012-03-05T20:26:51.6846629+02:00" endTime="2012-03-05T20:26:58.1129042+02:00" testType="13cdc9d9-ddb5-4fa4-a97d-d965ccfc6d4b" outcome="Passed" testListId="8c84fa94-04c1-424b-9868-57a2d4851a1d" relativeResultsDirectory="4d261bf6-1840-4791-8b04-6e2372cd00c7">
      <Output>
        <DebugTrace>Id: 1 | ts: System.Byte[] | ModifiedDate: 05.03.2012 18:26:56 | CreationsDate: 05.03.2012 18:26:56 | Guid: b7da7e98-9580-42d5-95d7-0514582a0451 | Profile: Id: 1 | ts: System.Byte[] | ModifiedDate: 05.03.2012 18:26:56 | CreationsDate: 05.03.2012 18:26:56 | Guid: b7da7e98-9580-42d5-95d7-0514582a0451 | FriendlyName: mertiko1 | UserId: 1 | State: Id: 1 | ts: System.Byte[] | ModifiedDate: 05.03.2012 18:26:57 | CreationsDate: 05.03.2012 18:26:57[ProfileId: 1 | MembershipType: Normal | Status: Online | Existance: Active | LastOnline: 05.03.2012 18:25:56 | Expires: 05.03.2013 18:26:56] | Name:  | From: Turkey | City: Istanbul1 | BodyBuild:  | EyeColor:  | HairColor:  | Smokes:  | Alcohol:  | Religion:  | Height: 170 | BirthYear: 0
Searches: [
	Id: 1 | ts: System.Byte[] | ModifiedDate: 05.03.2012 18:26:56 | CreationsDate: 05.03.2012 18:26:56 | ProfileId: 1 | Search: LongTimeRelationship
	Id: 2 | ts: System.Byte[] | ModifiedDate: 05.03.2012 18:26:56 | CreationsDate: 05.03.2012 18:26:56 | ProfileId: 1 | Search: Friend
	Id: 3 | ts: System.Byte[] | ModifiedDate: 05.03.2012 18:26:56 | CreationsDate: 05.03.2012 18:26:56 | ProfileId: 1 | Search: OneNight
	Id: 4 | ts: System.Byte[] | ModifiedDate: 05.03.2012 18:26:56 | CreationsDate: 05.03.2012 18:26:56 | ProfileId: 1 | Search: Sex
]
Photos: [
	Id: 1 | ts: System.Byte[] | ModifiedDate: 05.03.2012 18:26:56 | CreationsDate: 05.03.2012 18:26:56 | Guid: b007a073-5f74-41c0-9214-bae9fdc9979d | ProfileId: 1 | Description: [
Açıklama1
]
	Id: 2 | ts: System.Byte[] | ModifiedDate: 05.03.2012 18:26:56 | CreationsDate: 05.03.2012 18:26:56 | Guid: 2942f408-fac8-43a6-81ef-a334cfffc984 | ProfileId: 1 | Description: [
Açıklama21
]
]
CountriesToVisit: [
	Id: 1 | ts: System.Byte[] | ModifiedDate: 05.03.2012 18:26:56 | CreationsDate: 05.03.2012 18:26:56 | ProfileId: 1 | Country: Turkey
	Id: 2 | ts: System.Byte[] | ModifiedDate: 05.03.2012 18:26:56 | CreationsDate: 05.03.2012 18:26:56 | ProfileId: 1 | Country: Ukraine
]
LanguagesSpoken: [
	Id: 1 | ts: System.Byte[] | ModifiedDate: 05.03.2012 18:26:56 | CreationsDate: 05.03.2012 18:26:56 | ProfileId: 1 | Language: English
	Id: 2 | ts: System.Byte[] | ModifiedDate: 05.03.2012 18:26:56 | CreationsDate: 05.03.2012 18:26:56 | ProfileId: 1 | Language: Russian
	Id: 3 | ts: System.Byte[] | ModifiedDate: 05.03.2012 18:26:56 | CreationsDate: 05.03.2012 18:26:56 | ProfileId: 1 | Language: Turkish
] | DickSize: Medium | DickThickness: Thick | Gender: Male | UserName: mertsakarya1 | Email: mertsakarya@gmail.com | Phone:  | Password: 690514
Id: 2 | ts: System.Byte[] | ModifiedDate: 05.03.2012 18:26:57 | CreationsDate: 05.03.2012 18:26:57 | Guid: ce02cfe4-d57d-456a-899b-5abf5923e746 | Profile: Id: 2 | ts: System.Byte[] | ModifiedDate: 05.03.2012 18:26:57 | CreationsDate: 05.03.2012 18:26:57 | Guid: ce02cfe4-d57d-456a-899b-5abf5923e746 | FriendlyName: mertiko2 | UserId: 2 | State: Id: 2 | ts: System.Byte[] | ModifiedDate: 05.03.2012 18:26:57 | CreationsDate: 05.03.2012 18:26:57[ProfileId: 2 | MembershipType: Normal | Status: Online | Existance: Active | LastOnline: 05.03.2012 18:25:57 | Expires: 05.03.2013 18:26:57] | Name:  | From: Turkey | City: Istanbul2 | BodyBuild:  | EyeColor:  | HairColor:  | Smokes:  | Alcohol:  | Religion:  | Height: 170 | BirthYear: 0
Searches: [
	Id: 5 | ts: System.Byte[] | ModifiedDate: 05.03.2012 18:26:57 | CreationsDate: 05.03.2012 18:26:57 | ProfileId: 2 | Search: LongTimeRelationship
	Id: 6 | ts: System.Byte[] | ModifiedDate: 05.03.2012 18:26:57 | CreationsDate: 05.03.2012 18:26:57 | ProfileId: 2 | Search: Friend
	Id: 7 | ts: System.Byte[] | ModifiedDate: 05.03.2012 18:26:57 | CreationsDate: 05.03.2012 18:26:57 | ProfileId: 2 | Search: OneNight
	Id: 8 | ts: System.Byte[] | ModifiedDate: 05.03.2012 18:26:57 | CreationsDate: 05.03.2012 18:26:57 | ProfileId: 2 | Search: Sex
]
Photos: [
	Id: 3 | ts: System.Byte[] | ModifiedDate: 05.03.2012 18:26:57 | CreationsDate: 05.03.2012 18:26:57 | Guid: 7aca99f4-2e51-452f-9f1e-b8972b1598f0 | ProfileId: 2 | Description: [
Açıklama2
]
	Id: 4 | ts: System.Byte[] | ModifiedDate: 05.03.2012 18:26:57 | CreationsDate: 05.03.2012 18:26:57 | Guid: 66cb9f36-dbc2-410d-9af8-bd9f0a7cb760 | ProfileId: 2 | Description: [
Açıklama22
]
]
CountriesToVisit: [
	Id: 3 | ts: System.Byte[] | ModifiedDate: 05.03.2012 18:26:57 | CreationsDate: 05.03.2012 18:26:57 | ProfileId: 2 | Country: Turkey
	Id: 4 | ts: System.Byte[] | ModifiedDate: 05.03.2012 18:26:57 | CreationsDate: 05.03.2012 18:26:57 | ProfileId: 2 | Country: Ukraine
]
LanguagesSpoken: [
	Id: 4 | ts: System.Byte[] | ModifiedDate: 05.03.2012 18:26:57 | CreationsDate: 05.03.2012 18:26:57 | ProfileId: 2 | Language: English
	Id: 5 | ts: System.Byte[] | ModifiedDate: 05.03.2012 18:26:57 | CreationsDate: 05.03.2012 18:26:57 | ProfileId: 2 | Language: Russian
	Id: 6 | ts: System.Byte[] | ModifiedDate: 05.03.2012 18:26:57 | CreationsDate: 05.03.2012 18:26:57 | ProfileId: 2 | Language: Turkish
] | DickSize: Medium | DickThickness: Thick | Gender: Male | UserName: mertsakarya2 | Email: mertsakarya@gmail.com | Phone:  | Password: 690514
Id: 3 | ts: System.Byte[] | ModifiedDate: 05.03.2012 18:26:57 | CreationsDate: 05.03.2012 18:26:57 | Guid: 4fc8e13b-47ca-44ba-a584-3e9dddada48b | Profile: Id: 3 | ts: System.Byte[] | ModifiedDate: 05.03.2012 18:26:57 | CreationsDate: 05.03.2012 18:26:57 | Guid: 4fc8e13b-47ca-44ba-a584-3e9dddada48b | FriendlyName: mertiko3 | UserId: 3 | State: Id: 3 | ts: System.Byte[] | ModifiedDate: 05.03.2012 18:26:57 | CreationsDate: 05.03.2012 18:26:57[ProfileId: 3 | MembershipType: Normal | Status: Online | Existance: Active | LastOnline: 05.03.2012 18:25:57 | Expires: 05.03.2013 18:26:57] | Name:  | From: Turkey | City: Istanbul3 | BodyBuild:  | EyeColor:  | HairColor:  | Smokes:  | Alcohol:  | Religion:  | Height: 170 | BirthYear: 0
Searches: [
	Id: 9 | ts: System.Byte[] | ModifiedDate: 05.03.2012 18:26:57 | CreationsDate: 05.03.2012 18:26:57 | ProfileId: 3 | Search: LongTimeRelationship
	Id: 10 | ts: System.Byte[] | ModifiedDate: 05.03.2012 18:26:57 | CreationsDate: 05.03.2012 18:26:57 | ProfileId: 3 | Search: Friend
	Id: 11 | ts: System.Byte[] | ModifiedDate: 05.03.2012 18:26:57 | CreationsDate: 05.03.2012 18:26:57 | ProfileId: 3 | Search: OneNight
	Id: 12 | ts: System.Byte[] | ModifiedDate: 05.03.2012 18:26:57 | CreationsDate: 05.03.2012 18:26:57 | ProfileId: 3 | Search: Sex
]
Photos: [
	Id: 5 | ts: System.Byte[] | ModifiedDate: 05.03.2012 18:26:57 | CreationsDate: 05.03.2012 18:26:57 | Guid: 1fd8e3e5-0bd2-4352-a560-b20db04969d8 | ProfileId: 3 | Description: [
Açıklama3
]
	Id: 6 | ts: System.Byte[] | ModifiedDate: 05.03.2012 18:26:57 | CreationsDate: 05.03.2012 18:26:57 | Guid: ff73aefe-0a8d-40dc-ad83-54a702bb8d61 | ProfileId: 3 | Description: [
Açıklama23
]
]
CountriesToVisit: [
	Id: 5 | ts: System.Byte[] | ModifiedDate: 05.03.2012 18:26:57 | CreationsDate: 05.03.2012 18:26:57 | ProfileId: 3 | Country: Turkey
	Id: 6 | ts: System.Byte[] | ModifiedDate: 05.03.2012 18:26:57 | CreationsDate: 05.03.2012 18:26:57 | ProfileId: 3 | Country: Ukraine
]
LanguagesSpoken: [
	Id: 7 | ts: System.Byte[] | ModifiedDate: 05.03.2012 18:26:57 | CreationsDate: 05.03.2012 18:26:57 | ProfileId: 3 | Language: English
	Id: 8 | ts: System.Byte[] | ModifiedDate: 05.03.2012 18:26:57 | CreationsDate: 05.03.2012 18:26:57 | ProfileId: 3 | Language: Russian
	Id: 9 | ts: System.Byte[] | ModifiedDate: 05.03.2012 18:26:57 | CreationsDate: 05.03.2012 18:26:57 | ProfileId: 3 | Language: Turkish
] | DickSize: Medium | DickThickness: Thick | Gender: Male | UserName: mertsakarya3 | Email: mertsakarya@gmail.com | Phone:  | Password: 690514
Id: 4 | ts: System.Byte[] | ModifiedDate: 05.03.2012 18:26:57 | CreationsDate: 05.03.2012 18:26:57 | Guid: a8cd80b8-516f-420f-9f56-cafbd08ce879 | Profile: Id: 4 | ts: System.Byte[] | ModifiedDate: 05.03.2012 18:26:57 | CreationsDate: 05.03.2012 18:26:57 | Guid: a8cd80b8-516f-420f-9f56-cafbd08ce879 | FriendlyName: girl_mertiko4 | UserId: 4 | State: Id: 4 | ts: System.Byte[] | ModifiedDate: 05.03.2012 18:26:57 | CreationsDate: 05.03.2012 18:26:57[ProfileId: 4 | MembershipType: Normal | Status: Online | Existance: Active | LastOnline: 05.03.2012 18:25:57 | Expires: 05.03.2013 18:26:57] | Name:  | From: Turkey | City: Ankara4 | BodyBuild:  | EyeColor:  | HairColor:  | Smokes:  | Alcohol:  | Religion:  | Height: 170 | BirthYear: 0
Photos: [
	Id: 7 | ts: System.Byte[] | ModifiedDate: 05.03.2012 18:26:57 | CreationsDate: 05.03.2012 18:26:57 | Guid: 898442e8-ec72-473a-9369-a2ff6fde247a | ProfileId: 4 | Description: [
Açıklama4
]
	Id: 8 | ts: System.Byte[] | ModifiedDate: 05.03.2012 18:26:57 | CreationsDate: 05.03.2012 18:26:57 | Guid: b6b68bc4-840a-4602-870f-6166fd312775 | ProfileId: 4 | Description: [
Açıklama24
]
]
CountriesToVisit: [
	Id: 7 | ts: System.Byte[] | ModifiedDate: 05.03.2012 18:26:57 | CreationsDate: 05.03.2012 18:26:57 | ProfileId: 4 | Country: Turkey
	Id: 8 | ts: System.Byte[] | ModifiedDate: 05.03.2012 18:26:57 | CreationsDate: 05.03.2012 18:26:57 | ProfileId: 4 | Country: Ukraine
]
LanguagesSpoken: [
	Id: 10 | ts: System.Byte[] | ModifiedDate: 05.03.2012 18:26:57 | CreationsDate: 05.03.2012 18:26:57 | ProfileId: 4 | Language: English
	Id: 11 | ts: System.Byte[] | ModifiedDate: 05.03.2012 18:26:57 | CreationsDate: 05.03.2012 18:26:57 | ProfileId: 4 | Language: Russian
	Id: 12 | ts: System.Byte[] | ModifiedDate: 05.03.2012 18:26:57 | CreationsDate: 05.03.2012 18:26:57 | ProfileId: 4 | Language: Turkish
] | BreastSize: Large | Gender: Female | UserName: mertsakarya4 | Email: mertsakarya@gmail.com | Phone:  | Password: 690514
Id: 5 | ts: System.Byte[] | ModifiedDate: 05.03.2012 18:26:57 | CreationsDate: 05.03.2012 18:26:57 | Guid: 4b360ac2-2337-4fef-af67-c4ff0f8d2061 | Profile: Id: 5 | ts: System.Byte[] | ModifiedDate: 05.03.2012 18:26:57 | CreationsDate: 05.03.2012 18:26:57 | Guid: 4b360ac2-2337-4fef-af67-c4ff0f8d2061 | FriendlyName: girl_mertiko5 | UserId: 5 | State: Id: 5 | ts: System.Byte[] | ModifiedDate: 05.03.2012 18:26:57 | CreationsDate: 05.03.2012 18:26:57[ProfileId: 5 | MembershipType: Normal | Status: Online | Existance: Active | LastOnline: 05.03.2012 18:25:57 | Expires: 05.03.2013 18:26:57] | Name:  | From: Turkey | City: Ankara5 | BodyBuild:  | EyeColor:  | HairColor:  | Smokes:  | Alcohol:  | Religion:  | Height: 170 | BirthYear: 0
Photos: [
	Id: 9 | ts: System.Byte[] | ModifiedDate: 05.03.2012 18:26:57 | CreationsDate: 05.03.2012 18:26:57 | Guid: 26f96804-ce52-4c06-a57a-4f15deb1c8a8 | ProfileId: 5 | Description: [
Açıklama5
]
	Id: 10 | ts: System.Byte[] | ModifiedDate: 05.03.2012 18:26:57 | CreationsDate: 05.03.2012 18:26:57 | Guid: 5d6f0e1a-03fe-4282-9268-25d01100d93c | ProfileId: 5 | Description: [
Açıklama25
]
]
CountriesToVisit: [
	Id: 9 | ts: System.Byte[] | ModifiedDate: 05.03.2012 18:26:57 | CreationsDate: 05.03.2012 18:26:57 | ProfileId: 5 | Country: Turkey
	Id: 10 | ts: System.Byte[] | ModifiedDate: 05.03.2012 18:26:57 | CreationsDate: 05.03.2012 18:26:57 | ProfileId: 5 | Country: Ukraine
]
LanguagesSpoken: [
	Id: 13 | ts: System.Byte[] | ModifiedDate: 05.03.2012 18:26:57 | CreationsDate: 05.03.2012 18:26:57 | ProfileId: 5 | Language: English
	Id: 14 | ts: System.Byte[] | ModifiedDate: 05.03.2012 18:26:57 | CreationsDate: 05.03.2012 18:26:57 | ProfileId: 5 | Language: Russian
	Id: 15 | ts: System.Byte[] | ModifiedDate: 05.03.2012 18:26:57 | CreationsDate: 05.03.2012 18:26:57 | ProfileId: 5 | Language: Turkish
] | BreastSize: Large | Gender: Female | UserName: mertsakarya5 | Email: mertsakarya@gmail.com | Phone:  | Password: 690514
Id: 6 | ts: System.Byte[] | ModifiedDate: 05.03.2012 18:26:57 | CreationsDate: 05.03.2012 18:26:57 | Guid: b6289c23-c9a7-402d-867b-67140671ebc6 | Profile: Id: 6 | ts: System.Byte[] | ModifiedDate: 05.03.2012 18:26:57 | CreationsDate: 05.03.2012 18:26:57 | Guid: b6289c23-c9a7-402d-867b-67140671ebc6 | FriendlyName: girl_mertiko6 | UserId: 6 | State: Id: 6 | ts: System.Byte[] | ModifiedDate: 05.03.2012 18:26:57 | CreationsDate: 05.03.2012 18:26:57[ProfileId: 6 | MembershipType: Normal | Status: Online | Existance: Active | LastOnline: 05.03.2012 18:25:57 | Expires: 05.03.2013 18:26:57] | Name:  | From: Turkey | City: Ankara6 | BodyBuild:  | EyeColor:  | HairColor:  | Smokes:  | Alcohol:  | Religion:  | Height: 170 | BirthYear: 0
Photos: [
	Id: 11 | ts: System.Byte[] | ModifiedDate: 05.03.2012 18:26:57 | CreationsDate: 05.03.2012 18:26:57 | Guid: 27ab9f2d-a07e-452c-85f4-626d15306ebe | ProfileId: 6 | Description: [
Açıklama6
]
	Id: 12 | ts: System.Byte[] | ModifiedDate: 05.03.2012 18:26:57 | CreationsDate: 05.03.2012 18:26:57 | Guid: bc49dd67-81c3-4276-a7d5-2ba1a245ebdf | ProfileId: 6 | Description: [
Açıklama26
]
]
CountriesToVisit: [
	Id: 11 | ts: System.Byte[] | ModifiedDate: 05.03.2012 18:26:57 | CreationsDate: 05.03.2012 18:26:57 | ProfileId: 6 | Country: Turkey
	Id: 12 | ts: System.Byte[] | ModifiedDate: 05.03.2012 18:26:57 | CreationsDate: 05.03.2012 18:26:57 | ProfileId: 6 | Country: Ukraine
]
LanguagesSpoken: [
	Id: 16 | ts: System.Byte[] | ModifiedDate: 05.03.2012 18:26:57 | CreationsDate: 05.03.2012 18:26:57 | ProfileId: 6 | Language: English
	Id: 17 | ts: System.Byte[] | ModifiedDate: 05.03.2012 18:26:57 | CreationsDate: 05.03.2012 18:26:57 | ProfileId: 6 | Language: Russian
	Id: 18 | ts: System.Byte[] | ModifiedDate: 05.03.2012 18:26:57 | CreationsDate: 05.03.2012 18:26:57 | ProfileId: 6 | Language: Turkish
] | BreastSize: Large | Gender: Female | UserName: mertsakarya6 | Email: mertsakarya@gmail.com | Phone:  | Password: 690514
Created Sample Data
Found 1 boy and 2 photos, out of 3 boys and 3 girls.
</DebugTrace>
      </Output>
    </UnitTestResult>
    <UnitTestResult executionId="a25984c1-f9b1-42a9-b9bb-e7a06453ff14" testId="877536f0-aab5-dc3d-50d4-130ded0dfe18" testName="ShouldBeAbleToFindAUser" computerName="MERTSAKARYA" duration="00:00:00.1302123" startTime="2012-03-05T20:26:58.1285043+02:00" endTime="2012-03-05T20:26:58.2689052+02:00" testType="13cdc9d9-ddb5-4fa4-a97d-d965ccfc6d4b" outcome="Passed" testListId="8c84fa94-04c1-424b-9868-57a2d4851a1d" relativeResultsDirectory="a25984c1-f9b1-42a9-b9bb-e7a06453ff14">
      <Output>
        <DebugTrace>Result 05.03.2013 18:26:57
</DebugTrace>
      </Output>
    </UnitTestResult>
    <UnitTestResult executionId="4bd4c8bc-10cb-439c-80d5-76509d2a25ad" testId="329007e2-3baa-f261-caae-3580f430a309" testName="ShouldBeAbleToFindBoy2" computerName="MERTSAKARYA" duration="00:00:00.1661421" startTime="2012-03-05T20:26:58.2845053+02:00" endTime="2012-03-05T20:26:58.4561064+02:00" testType="13cdc9d9-ddb5-4fa4-a97d-d965ccfc6d4b" outcome="Passed" testListId="8c84fa94-04c1-424b-9868-57a2d4851a1d" relativeResultsDirectory="4bd4c8bc-10cb-439c-80d5-76509d2a25ad">
      <Output>
        <DebugTrace>Found User:
 Id: 2 | ts: System.Byte[] | ModifiedDate: 05.03.2012 18:26:57 | CreationsDate: 05.03.2012 18:26:57 | Guid: ce02cfe4-d57d-456a-899b-5abf5923e746 | Profile: Id: 2 | ts: System.Byte[] | ModifiedDate: 05.03.2012 18:26:57 | CreationsDate: 05.03.2012 18:26:57 | Guid: ce02cfe4-d57d-456a-899b-5abf5923e746 | FriendlyName: mertiko2 | UserId: 2 | State:  | Name:  | From: Turkey | City: Istanbul2 | BodyBuild:  | EyeColor:  | HairColor:  | Smokes:  | Alcohol:  | Religion:  | Height: 170 | BirthYear: 0 | DickSize: Medium | DickThickness: Thick | Gender: Male | UserName: mertsakarya2 | Email: mertsakarya@gmail.com | Phone:  | Password: 690514
Found boy with 2 photos.
Found boy with 2 photos.
Found boy with 2 photos.
</DebugTrace>
      </Output>
    </UnitTestResult>
    <UnitTestResult executionId="a920510e-8e96-493d-aa26-439d42e66262" testId="c110fe79-5d51-7c14-01d1-711d00a6e64f" testName="ShouldBeAbleToFindBoy" computerName="MERTSAKARYA" duration="00:00:00.0249247" startTime="2012-03-05T20:26:58.4717065+02:00" endTime="2012-03-05T20:26:58.5185068+02:00" testType="13cdc9d9-ddb5-4fa4-a97d-d965ccfc6d4b" outcome="Passed" testListId="8c84fa94-04c1-424b-9868-57a2d4851a1d" relativeResultsDirectory="a920510e-8e96-493d-aa26-439d42e66262">
      <Output>
        <DebugTrace>Found 3 boys and 3 boys
</DebugTrace>
      </Output>
    </UnitTestResult>
    <UnitTestResult executionId="7a87e202-876a-4292-951a-bc790bebccc5" testId="612255e6-ac16-66c6-627d-e06d4332ae15" testName="TestVisitAndConversation" computerName="MERTSAKARYA" duration="00:00:00.2544978" startTime="2012-03-05T20:26:58.5341069+02:00" endTime="2012-03-05T20:26:58.7837085+02:00" testType="13cdc9d9-ddb5-4fa4-a97d-d965ccfc6d4b" outcome="Passed" testListId="8c84fa94-04c1-424b-9868-57a2d4851a1d" relativeResultsDirectory="7a87e202-876a-4292-951a-bc790bebccc5">
      <Output>
        <DebugTrace>Id: 1 | ts: System.Byte[] | ModifiedDate: 05.03.2012 18:26:58 | CreationsDate: 05.03.2012 18:26:58 | Guid: 09bb0ec4-9b82-4af6-b661-b5cf0efa45f4 | ProfileId: 1 | VisitorProfileId: 4
Id: 1 | ts: System.Byte[] | ModifiedDate: 05.03.2012 18:26:58 | CreationsDate: 05.03.2012 18:26:58 | Guid: 31ab6288-b3f1-48ae-a479-2bc03c469245 | From: 1 | To: 4 | ReadDate:  | Subject: Hi
MESSAGE: [

I would 
Like to meet you

]
Id: 1 | ts: System.Byte[] | ModifiedDate: 05.03.2012 18:26:58 | CreationsDate: 05.03.2012 18:26:58 | Guid: 31ab6288-b3f1-48ae-a479-2bc03c469245 | From: 1 | To: 4 | ReadDate:  | Subject: Hi
MESSAGE: [

I would 
Like to meet you

]
</DebugTrace>
      </Output>
    </UnitTestResult>
    <UnitTestResult executionId="15dd0823-d8f9-4a5c-8215-4d45c0189137" testId="d22554e5-525e-5d9c-f2ee-f7ad962ac07f" testName="TestVisits" computerName="MERTSAKARYA" duration="00:00:00.4159394" startTime="2012-03-05T20:26:58.7993086+02:00" endTime="2012-03-05T20:26:59.2205113+02:00" testType="13cdc9d9-ddb5-4fa4-a97d-d965ccfc6d4b" outcome="Passed" testListId="8c84fa94-04c1-424b-9868-57a2d4851a1d" relativeResultsDirectory="15dd0823-d8f9-4a5c-8215-4d45c0189137">
      <Output>
        <DebugTrace>Id: 2 | ts: System.Byte[] | ModifiedDate: 05.03.2012 18:26:58 | CreationsDate: 05.03.2012 18:26:58 | Guid: 347d77a5-f946-484e-810e-a1fc6f84ba37 | ProfileId: 1 | VisitorProfileId: 6
Id: 3 | ts: System.Byte[] | ModifiedDate: 05.03.2012 18:26:58 | CreationsDate: 05.03.2012 18:26:58 | Guid: 485f1a1d-52e8-4c70-b91d-07a7650d21bb | ProfileId: 3 | VisitorProfileId: 5
Id: 4 | ts: System.Byte[] | ModifiedDate: 05.03.2012 18:26:58 | CreationsDate: 05.03.2012 18:26:58 | Guid: 0291ce53-92e2-4cb8-8714-4510e76a46bb | ProfileId: 1 | VisitorProfileId: 5
Id: 5 | ts: System.Byte[] | ModifiedDate: 05.03.2012 18:26:58 | CreationsDate: 05.03.2012 18:26:58 | Guid: 00e9c2bf-a109-4a55-85a8-b1abb8565b88 | ProfileId: 1 | VisitorProfileId: 5
Id: 6 | ts: System.Byte[] | ModifiedDate: 05.03.2012 18:26:58 | CreationsDate: 05.03.2012 18:26:58 | Guid: 3fd4de24-4cd4-48a5-abbb-0270681fe9ea | ProfileId: 2 | VisitorProfileId: 4
Id: 7 | ts: System.Byte[] | ModifiedDate: 05.03.2012 18:26:58 | CreationsDate: 05.03.2012 18:26:58 | Guid: 0c0f9a66-f137-4acb-98c7-6b65024b30f4 | ProfileId: 3 | VisitorProfileId: 4
Id: 8 | ts: System.Byte[] | ModifiedDate: 05.03.2012 18:26:58 | CreationsDate: 05.03.2012 18:26:58 | Guid: 0b78ba33-4a52-4b57-8ece-c0f9ddd3c090 | ProfileId: 1 | VisitorProfileId: 4
Id: 9 | ts: System.Byte[] | ModifiedDate: 05.03.2012 18:26:58 | CreationsDate: 05.03.2012 18:26:58 | Guid: 2685615e-b925-4d8e-8bff-dd6261677461 | ProfileId: 4 | VisitorProfileId: 5
Id: 4 | ts: System.Byte[] | ModifiedDate: 05.03.2012 18:26:57 | CreationsDate: 05.03.2012 18:26:57 | Guid: a8cd80b8-516f-420f-9f56-cafbd08ce879 | FriendlyName: girl_mertiko4 | UserId: 4 | State:  | Name:  | From: Turkey | City: Ankara4 | BodyBuild:  | EyeColor:  | HairColor:  | Smokes:  | Alcohol:  | Religion:  | Height: 170 | BirthYear: 0
Photos: [
	Id: 7 | ts: System.Byte[] | ModifiedDate: 05.03.2012 18:26:57 | CreationsDate: 05.03.2012 18:26:57 | Guid: 898442e8-ec72-473a-9369-a2ff6fde247a | ProfileId: 4 | Description: [
Açıklama4
]
	Id: 8 | ts: System.Byte[] | ModifiedDate: 05.03.2012 18:26:57 | CreationsDate: 05.03.2012 18:26:57 | Guid: b6b68bc4-840a-4602-870f-6166fd312775 | ProfileId: 4 | Description: [
Açıklama24
]
] | BreastSize: Large
</DebugTrace>
      </Output>
    </UnitTestResult>
  </Results>
</TestRun>