<?xml version="1.0" encoding="UTF-8"?>
<TestRun id="4cc13af7-12c1-4471-8635-7f8767d3ee20" name="mert.sakarya@MERTSAKARYA 2012-03-05 20:25:54" runUser="SAHIBINDEN\mert.sakarya" xmlns="http://microsoft.com/schemas/VisualStudio/TeamTest/2010">
  <TestSettings name="Local" id="68342950-b16e-4d12-b71a-95a7036c6fb6">
    <Description>These are default test settings for a local test run.</Description>
    <Deployment enabled="false" runDeploymentRoot="mert.sakarya_MERTSAKARYA 2012-03-05 20_25_54">
      <DeploymentItem filename="C:\Users\mert.sakarya\documents\visual studio 2010\Projects\CodeFirst\packages\EntityFramework.4.3.1\lib\net40\EntityFramework.dll" />
      <DeploymentItem filename="C:\Users\mert.sakarya\documents\visual studio 2010\Projects\CodeFirst\packages\SqlServerCompact.4.0.8852.1\lib\net40\System.Data.SqlServerCe.dll" />
      <DeploymentItem filename="C:\Users\mert.sakarya\documents\visual studio 2010\Projects\CodeFirst\MS.Katusha.Repository\bin\Debug\MS.Katusha.Repository.dll" />
      <DeploymentItem filename="C:\Users\mert.sakarya\documents\visual studio 2010\Projects\CodeFirst\packages\SqlServerCompact.4.0.8852.1\lib\net40\System.Data.SqlServerCe.Entity.dll" />
      <DeploymentItem filename="C:\Users\mert.sakarya\documents\visual studio 2010\Projects\CodeFirst\MS.Katusha.Domain\bin\Debug\MS.Katusha.Domain.dll" />
    </Deployment>
    <Execution>
      <TestTypeSpecific />
      <AgentRule name="Execution Agents">
      </AgentRule>
    </Execution>
  </TestSettings>
  <Times creation="2012-03-05T20:25:54.5134320+02:00" queuing="2012-03-05T20:25:55.7770320+02:00" start="2012-03-05T20:25:55.9642320+02:00" finish="2012-03-05T20:26:03.7174320+02:00" />
  <ResultSummary outcome="Completed">
    <Counters total="6" executed="6" passed="6" error="0" failed="0" timeout="0" aborted="0" inconclusive="0" passedButRunAborted="0" notRunnable="0" notExecuted="0" disconnected="0" warning="0" completed="0" inProgress="0" pending="0" />
    <Output>
      <DebugTrace>Assembly Init
ClassCleanup
AssemblyCleanup
</DebugTrace>
    </Output>
  </ResultSummary>
  <TestDefinitions>
    <UnitTest name="ShouldBeAbleToFindBoy" storage="c:\users\mert.sakarya\documents\visual studio 2010\projects\codefirst\ms.katusha.test\bin\debug\ms.katusha.test.dll" id="c110fe79-5d51-7c14-01d1-711d00a6e64f">
      <Execution id="9c659c3f-fae1-4a5a-a751-1608c289d8d5" />
      <TestMethod codeBase="C:/Users/mert.sakarya/documents/visual studio 2010/Projects/CodeFirst/MS.Katusha.Test/bin/Debug/MS.Katusha.Test.DLL" adapterTypeName="Microsoft.VisualStudio.TestTools.TestTypes.Unit.UnitTestAdapter, Microsoft.VisualStudio.QualityTools.Tips.UnitTest.Adapter, Version=10.0.0.0, Culture=neutral, PublicKeyToken=b03f5f7f11d50a3a" className="MS.Katusha.Test.BoyRepositoryTest, MS.Katusha.Test, Version=1.0.0.0, Culture=neutral, PublicKeyToken=null" name="ShouldBeAbleToFindBoy" />
    </UnitTest>
    <UnitTest name="TestVisitAndConversation" storage="c:\users\mert.sakarya\documents\visual studio 2010\projects\codefirst\ms.katusha.test\bin\debug\ms.katusha.test.dll" id="612255e6-ac16-66c6-627d-e06d4332ae15">
      <Execution id="f7f15cf1-25ae-4c8e-8718-061f4bb3750a" />
      <TestMethod codeBase="C:/Users/mert.sakarya/documents/visual studio 2010/Projects/CodeFirst/MS.Katusha.Test/bin/Debug/MS.Katusha.Test.DLL" adapterTypeName="Microsoft.VisualStudio.TestTools.TestTypes.Unit.UnitTestAdapter, Microsoft.VisualStudio.QualityTools.Tips.UnitTest.Adapter, Version=10.0.0.0, Culture=neutral, PublicKeyToken=b03f5f7f11d50a3a" className="MS.Katusha.Test.BoyRepositoryTest, MS.Katusha.Test, Version=1.0.0.0, Culture=neutral, PublicKeyToken=null" name="TestVisitAndConversation" />
    </UnitTest>
    <UnitTest name="ShouldBeAbleToFindBoy" storage="c:\users\mert.sakarya\documents\visual studio 2010\projects\codefirst\ms.katusha.test\bin\debug\ms.katusha.test.dll" id="2c3b54dd-eda2-8575-6b29-4aef6babadf6">
      <Execution id="6293d4c5-82bb-4918-900c-6ef28e68fb1e" />
      <TestMethod codeBase="C:/Users/mert.sakarya/documents/visual studio 2010/Projects/CodeFirst/MS.Katusha.Test/bin/Debug/MS.Katusha.Test.DLL" adapterTypeName="Microsoft.VisualStudio.TestTools.TestTypes.Unit.UnitTestAdapter, Microsoft.VisualStudio.QualityTools.Tips.UnitTest.Adapter, Version=10.0.0.0, Culture=neutral, PublicKeyToken=b03f5f7f11d50a3a" className="MS.Katusha.Test.KatushaRepositoryTest, MS.Katusha.Test, Version=1.0.0.0, Culture=neutral, PublicKeyToken=null" name="ShouldBeAbleToFindBoy" />
    </UnitTest>
    <UnitTest name="ShouldBeAbleToFindBoy2" storage="c:\users\mert.sakarya\documents\visual studio 2010\projects\codefirst\ms.katusha.test\bin\debug\ms.katusha.test.dll" id="329007e2-3baa-f261-caae-3580f430a309">
      <Execution id="ff2461f1-ecdd-41c8-9a30-0bf29ed9547b" />
      <TestMethod codeBase="C:/Users/mert.sakarya/documents/visual studio 2010/Projects/CodeFirst/MS.Katusha.Test/bin/Debug/MS.Katusha.Test.DLL" adapterTypeName="Microsoft.VisualStudio.TestTools.TestTypes.Unit.UnitTestAdapter, Microsoft.VisualStudio.QualityTools.Tips.UnitTest.Adapter, Version=10.0.0.0, Culture=neutral, PublicKeyToken=b03f5f7f11d50a3a" className="MS.Katusha.Test.BoyRepositoryTest, MS.Katusha.Test, Version=1.0.0.0, Culture=neutral, PublicKeyToken=null" name="ShouldBeAbleToFindBoy2" />
    </UnitTest>
    <UnitTest name="ShouldBeAbleToFindAUser" storage="c:\users\mert.sakarya\documents\visual studio 2010\projects\codefirst\ms.katusha.test\bin\debug\ms.katusha.test.dll" id="877536f0-aab5-dc3d-50d4-130ded0dfe18">
      <Execution id="a3122058-9dd3-471c-a422-2085f6be2f33" />
      <TestMethod codeBase="C:/Users/mert.sakarya/documents/visual studio 2010/Projects/CodeFirst/MS.Katusha.Test/bin/Debug/MS.Katusha.Test.DLL" adapterTypeName="Microsoft.VisualStudio.TestTools.TestTypes.Unit.UnitTestAdapter, Microsoft.VisualStudio.QualityTools.Tips.UnitTest.Adapter, Version=10.0.0.0, Culture=neutral, PublicKeyToken=b03f5f7f11d50a3a" className="MS.Katusha.Test.KatushaRepositoryTest, MS.Katusha.Test, Version=1.0.0.0, Culture=neutral, PublicKeyToken=null" name="ShouldBeAbleToFindAUser" />
    </UnitTest>
    <UnitTest name="TestVisits" storage="c:\users\mert.sakarya\documents\visual studio 2010\projects\codefirst\ms.katusha.test\bin\debug\ms.katusha.test.dll" id="d22554e5-525e-5d9c-f2ee-f7ad962ac07f">
      <Execution id="6e22c077-d75a-4d5e-877c-becf27fc94b2" />
      <TestMethod codeBase="C:/Users/mert.sakarya/documents/visual studio 2010/Projects/CodeFirst/MS.Katusha.Test/bin/Debug/MS.Katusha.Test.DLL" adapterTypeName="Microsoft.VisualStudio.TestTools.TestTypes.Unit.UnitTestAdapter, Microsoft.VisualStudio.QualityTools.Tips.UnitTest.Adapter, Version=10.0.0.0, Culture=neutral, PublicKeyToken=b03f5f7f11d50a3a" className="MS.Katusha.Test.BoyRepositoryTest, MS.Katusha.Test, Version=1.0.0.0, Culture=neutral, PublicKeyToken=null" name="TestVisits" />
    </UnitTest>
  </TestDefinitions>
  <TestLists>
    <TestList name="Results Not in a List" id="8c84fa94-04c1-424b-9868-57a2d4851a1d" />
    <TestList name="All Loaded Results" id="19431567-8539-422a-85d7-44ee4e166bda" />
  </TestLists>
  <TestEntries>
    <TestEntry testId="2c3b54dd-eda2-8575-6b29-4aef6babadf6" executionId="6293d4c5-82bb-4918-900c-6ef28e68fb1e" testListId="8c84fa94-04c1-424b-9868-57a2d4851a1d" />
    <TestEntry testId="877536f0-aab5-dc3d-50d4-130ded0dfe18" executionId="a3122058-9dd3-471c-a422-2085f6be2f33" testListId="8c84fa94-04c1-424b-9868-57a2d4851a1d" />
    <TestEntry testId="329007e2-3baa-f261-caae-3580f430a309" executionId="ff2461f1-ecdd-41c8-9a30-0bf29ed9547b" testListId="8c84fa94-04c1-424b-9868-57a2d4851a1d" />
    <TestEntry testId="c110fe79-5d51-7c14-01d1-711d00a6e64f" executionId="9c659c3f-fae1-4a5a-a751-1608c289d8d5" testListId="8c84fa94-04c1-424b-9868-57a2d4851a1d" />
    <TestEntry testId="612255e6-ac16-66c6-627d-e06d4332ae15" executionId="f7f15cf1-25ae-4c8e-8718-061f4bb3750a" testListId="8c84fa94-04c1-424b-9868-57a2d4851a1d" />
    <TestEntry testId="d22554e5-525e-5d9c-f2ee-f7ad962ac07f" executionId="6e22c077-d75a-4d5e-877c-becf27fc94b2" testListId="8c84fa94-04c1-424b-9868-57a2d4851a1d" />
  </TestEntries>
  <Results>
    <UnitTestResult executionId="6293d4c5-82bb-4918-900c-6ef28e68fb1e" testId="2c3b54dd-eda2-8575-6b29-4aef6babadf6" testName="ShouldBeAbleToFindBoy" computerName="MERTSAKARYA" duration="00:00:04.5642970" startTime="2012-03-05T20:25:56.1826320+02:00" endTime="2012-03-05T20:26:02.5786320+02:00" testType="13cdc9d9-ddb5-4fa4-a97d-d965ccfc6d4b" outcome="Passed" testListId="8c84fa94-04c1-424b-9868-57a2d4851a1d" relativeResultsDirectory="6293d4c5-82bb-4918-900c-6ef28e68fb1e">
      <Output>
        <DebugTrace>Id: 1 | ts: System.Byte[] | ModifiedDate: 05.03.2012 18:26:01 | CreationsDate: 05.03.2012 18:26:01 | Guid: 65dab4bb-43c1-47f4-b0ec-e58dfcf28cf2 | Profile: Id: 1 | ts: System.Byte[] | ModifiedDate: 05.03.2012 18:26:01 | CreationsDate: 05.03.2012 18:26:01 | Guid: 65dab4bb-43c1-47f4-b0ec-e58dfcf28cf2 | FriendlyName: mertiko1 | UserId: 1 | State: Id: 1 | ts: System.Byte[] | ModifiedDate: 05.03.2012 18:26:01 | CreationsDate: 05.03.2012 18:26:01[ProfileId: 1 | MembershipType: Normal | Status: Online | Existance: Active | LastOnline: 05.03.2012 18:25:01 | Expires: 05.03.2013 18:26:01] | Name:  | From: Turkey | City: Istanbul1 | BodyBuild:  | EyeColor:  | HairColor:  | Smokes:  | Alcohol:  | Religion:  | Height: 170 | BirthYear: 0
Searches: [
	Id: 1 | ts: System.Byte[] | ModifiedDate: 05.03.2012 18:26:01 | CreationsDate: 05.03.2012 18:26:01 | ProfileId: 1 | Search: LongTimeRelationship
	Id: 2 | ts: System.Byte[] | ModifiedDate: 05.03.2012 18:26:01 | CreationsDate: 05.03.2012 18:26:01 | ProfileId: 1 | Search: Friend
	Id: 3 | ts: System.Byte[] | ModifiedDate: 05.03.2012 18:26:01 | CreationsDate: 05.03.2012 18:26:01 | ProfileId: 1 | Search: OneNight
	Id: 4 | ts: System.Byte[] | ModifiedDate: 05.03.2012 18:26:01 | CreationsDate: 05.03.2012 18:26:01 | ProfileId: 1 | Search: Sex
]
Photos: [
	Id: 1 | ts: System.Byte[] | ModifiedDate: 05.03.2012 18:26:01 | CreationsDate: 05.03.2012 18:26:01 | Guid: b7f961e4-3402-449c-a2e1-da2bddd07118 | ProfileId: 1 | Description: [
Açıklama1
]
	Id: 2 | ts: System.Byte[] | ModifiedDate: 05.03.2012 18:26:01 | CreationsDate: 05.03.2012 18:26:01 | Guid: 7ff7cbae-d0bd-4e23-9e17-924aee32a274 | ProfileId: 1 | Description: [
Açıklama21
]
]
CountriesToVisit: [
	Id: 1 | ts: System.Byte[] | ModifiedDate: 05.03.2012 18:26:01 | CreationsDate: 05.03.2012 18:26:01 | ProfileId: 1 | Country: Turkey
	Id: 2 | ts: System.Byte[] | ModifiedDate: 05.03.2012 18:26:01 | CreationsDate: 05.03.2012 18:26:01 | ProfileId: 1 | Country: Ukraine
]
LanguagesSpoken: [
	Id: 1 | ts: System.Byte[] | ModifiedDate: 05.03.2012 18:26:01 | CreationsDate: 05.03.2012 18:26:01 | ProfileId: 1 | Language: English
	Id: 2 | ts: System.Byte[] | ModifiedDate: 05.03.2012 18:26:01 | CreationsDate: 05.03.2012 18:26:01 | ProfileId: 1 | Language: Russian
	Id: 3 | ts: System.Byte[] | ModifiedDate: 05.03.2012 18:26:01 | CreationsDate: 05.03.2012 18:26:01 | ProfileId: 1 | Language: Turkish
] | DickSize: Medium | DickThickness: Thick | Gender: Male | UserName: mertsakarya1 | Email: mertsakarya@gmail.com | Phone:  | Password: 690514
Id: 2 | ts: System.Byte[] | ModifiedDate: 05.03.2012 18:26:01 | CreationsDate: 05.03.2012 18:26:01 | Guid: cd232826-6b2f-436f-aaba-e30930fb77bb | Profile: Id: 2 | ts: System.Byte[] | ModifiedDate: 05.03.2012 18:26:01 | CreationsDate: 05.03.2012 18:26:01 | Guid: cd232826-6b2f-436f-aaba-e30930fb77bb | FriendlyName: mertiko2 | UserId: 2 | State: Id: 2 | ts: System.Byte[] | ModifiedDate: 05.03.2012 18:26:01 | CreationsDate: 05.03.2012 18:26:01[ProfileId: 2 | MembershipType: Normal | Status: Online | Existance: Active | LastOnline: 05.03.2012 18:25:01 | Expires: 05.03.2013 18:26:01] | Name:  | From: Turkey | City: Istanbul2 | BodyBuild:  | EyeColor:  | HairColor:  | Smokes:  | Alcohol:  | Religion:  | Height: 170 | BirthYear: 0
Searches: [
	Id: 5 | ts: System.Byte[] | ModifiedDate: 05.03.2012 18:26:01 | CreationsDate: 05.03.2012 18:26:01 | ProfileId: 2 | Search: LongTimeRelationship
	Id: 6 | ts: System.Byte[] | ModifiedDate: 05.03.2012 18:26:01 | CreationsDate: 05.03.2012 18:26:01 | ProfileId: 2 | Search: Friend
	Id: 7 | ts: System.Byte[] | ModifiedDate: 05.03.2012 18:26:01 | CreationsDate: 05.03.2012 18:26:01 | ProfileId: 2 | Search: OneNight
	Id: 8 | ts: System.Byte[] | ModifiedDate: 05.03.2012 18:26:01 | CreationsDate: 05.03.2012 18:26:01 | ProfileId: 2 | Search: Sex
]
Photos: [
	Id: 3 | ts: System.Byte[] | ModifiedDate: 05.03.2012 18:26:01 | CreationsDate: 05.03.2012 18:26:01 | Guid: 1a7f8555-4fd3-4d68-85cd-b128cb5be084 | ProfileId: 2 | Description: [
Açıklama2
]
	Id: 4 | ts: System.Byte[] | ModifiedDate: 05.03.2012 18:26:01 | CreationsDate: 05.03.2012 18:26:01 | Guid: b8057351-2124-411a-9e99-8e0b50d6dd43 | ProfileId: 2 | Description: [
Açıklama22
]
]
CountriesToVisit: [
	Id: 3 | ts: System.Byte[] | ModifiedDate: 05.03.2012 18:26:01 | CreationsDate: 05.03.2012 18:26:01 | ProfileId: 2 | Country: Turkey
	Id: 4 | ts: System.Byte[] | ModifiedDate: 05.03.2012 18:26:01 | CreationsDate: 05.03.2012 18:26:01 | ProfileId: 2 | Country: Ukraine
]
LanguagesSpoken: [
	Id: 4 | ts: System.Byte[] | ModifiedDate: 05.03.2012 18:26:01 | CreationsDate: 05.03.2012 18:26:01 | ProfileId: 2 | Language: English
	Id: 5 | ts: System.Byte[] | ModifiedDate: 05.03.2012 18:26:01 | CreationsDate: 05.03.2012 18:26:01 | ProfileId: 2 | Language: Russian
	Id: 6 | ts: System.Byte[] | ModifiedDate: 05.03.2012 18:26:01 | CreationsDate: 05.03.2012 18:26:01 | ProfileId: 2 | Language: Turkish
] | DickSize: Medium | DickThickness: Thick | Gender: Male | UserName: mertsakarya2 | Email: mertsakarya@gmail.com | Phone:  | Password: 690514
Id: 3 | ts: System.Byte[] | ModifiedDate: 05.03.2012 18:26:01 | CreationsDate: 05.03.2012 18:26:01 | Guid: 14740774-abc8-4ca3-9afb-b2570d8e510b | Profile: Id: 3 | ts: System.Byte[] | ModifiedDate: 05.03.2012 18:26:01 | CreationsDate: 05.03.2012 18:26:01 | Guid: 14740774-abc8-4ca3-9afb-b2570d8e510b | FriendlyName: mertiko3 | UserId: 3 | State: Id: 3 | ts: System.Byte[] | ModifiedDate: 05.03.2012 18:26:02 | CreationsDate: 05.03.2012 18:26:02[ProfileId: 3 | MembershipType: Normal | Status: Online | Existance: Active | LastOnline: 05.03.2012 18:25:01 | Expires: 05.03.2013 18:26:01] | Name:  | From: Turkey | City: Istanbul3 | BodyBuild:  | EyeColor:  | HairColor:  | Smokes:  | Alcohol:  | Religion:  | Height: 170 | BirthYear: 0
Searches: [
	Id: 9 | ts: System.Byte[] | ModifiedDate: 05.03.2012 18:26:01 | CreationsDate: 05.03.2012 18:26:01 | ProfileId: 3 | Search: LongTimeRelationship
	Id: 10 | ts: System.Byte[] | ModifiedDate: 05.03.2012 18:26:01 | CreationsDate: 05.03.2012 18:26:01 | ProfileId: 3 | Search: Friend
	Id: 11 | ts: System.Byte[] | ModifiedDate: 05.03.2012 18:26:01 | CreationsDate: 05.03.2012 18:26:01 | ProfileId: 3 | Search: OneNight
	Id: 12 | ts: System.Byte[] | ModifiedDate: 05.03.2012 18:26:01 | CreationsDate: 05.03.2012 18:26:01 | ProfileId: 3 | Search: Sex
]
Photos: [
	Id: 5 | ts: System.Byte[] | ModifiedDate: 05.03.2012 18:26:01 | CreationsDate: 05.03.2012 18:26:01 | Guid: b7401e8a-0898-4dc1-8355-e071d68a7a0d | ProfileId: 3 | Description: [
Açıklama3
]
	Id: 6 | ts: System.Byte[] | ModifiedDate: 05.03.2012 18:26:01 | CreationsDate: 05.03.2012 18:26:01 | Guid: ac445b09-de11-4710-9717-8a779d06c538 | ProfileId: 3 | Description: [
Açıklama23
]
]
CountriesToVisit: [
	Id: 5 | ts: System.Byte[] | ModifiedDate: 05.03.2012 18:26:01 | CreationsDate: 05.03.2012 18:26:01 | ProfileId: 3 | Country: Turkey
	Id: 6 | ts: System.Byte[] | ModifiedDate: 05.03.2012 18:26:01 | CreationsDate: 05.03.2012 18:26:01 | ProfileId: 3 | Country: Ukraine
]
LanguagesSpoken: [
	Id: 7 | ts: System.Byte[] | ModifiedDate: 05.03.2012 18:26:01 | CreationsDate: 05.03.2012 18:26:01 | ProfileId: 3 | Language: English
	Id: 8 | ts: System.Byte[] | ModifiedDate: 05.03.2012 18:26:01 | CreationsDate: 05.03.2012 18:26:01 | ProfileId: 3 | Language: Russian
	Id: 9 | ts: System.Byte[] | ModifiedDate: 05.03.2012 18:26:01 | CreationsDate: 05.03.2012 18:26:01 | ProfileId: 3 | Language: Turkish
] | DickSize: Medium | DickThickness: Thick | Gender: Male | UserName: mertsakarya3 | Email: mertsakarya@gmail.com | Phone:  | Password: 690514
Id: 4 | ts: System.Byte[] | ModifiedDate: 05.03.2012 18:26:02 | CreationsDate: 05.03.2012 18:26:02 | Guid: 68b08d21-684f-4a16-85f2-d71201910d2c | Profile: Id: 4 | ts: System.Byte[] | ModifiedDate: 05.03.2012 18:26:02 | CreationsDate: 05.03.2012 18:26:02 | Guid: 68b08d21-684f-4a16-85f2-d71201910d2c | FriendlyName: girl_mertiko4 | UserId: 4 | State: Id: 4 | ts: System.Byte[] | ModifiedDate: 05.03.2012 18:26:02 | CreationsDate: 05.03.2012 18:26:02[ProfileId: 4 | MembershipType: Normal | Status: Online | Existance: Active | LastOnline: 05.03.2012 18:25:02 | Expires: 05.03.2013 18:26:02] | Name:  | From: Turkey | City: Ankara4 | BodyBuild:  | EyeColor:  | HairColor:  | Smokes:  | Alcohol:  | Religion:  | Height: 170 | BirthYear: 0
Photos: [
	Id: 7 | ts: System.Byte[] | ModifiedDate: 05.03.2012 18:26:02 | CreationsDate: 05.03.2012 18:26:02 | Guid: da0f327e-d9c1-47b5-abdd-245f04c19254 | ProfileId: 4 | Description: [
Açıklama4
]
	Id: 8 | ts: System.Byte[] | ModifiedDate: 05.03.2012 18:26:02 | CreationsDate: 05.03.2012 18:26:02 | Guid: 9a6de511-50ce-437e-a71a-008630964915 | ProfileId: 4 | Description: [
Açıklama24
]
]
CountriesToVisit: [
	Id: 7 | ts: System.Byte[] | ModifiedDate: 05.03.2012 18:26:02 | CreationsDate: 05.03.2012 18:26:02 | ProfileId: 4 | Country: Turkey
	Id: 8 | ts: System.Byte[] | ModifiedDate: 05.03.2012 18:26:02 | CreationsDate: 05.03.2012 18:26:02 | ProfileId: 4 | Country: Ukraine
]
LanguagesSpoken: [
	Id: 10 | ts: System.Byte[] | ModifiedDate: 05.03.2012 18:26:02 | CreationsDate: 05.03.2012 18:26:02 | ProfileId: 4 | Language: English
	Id: 11 | ts: System.Byte[] | ModifiedDate: 05.03.2012 18:26:02 | CreationsDate: 05.03.2012 18:26:02 | ProfileId: 4 | Language: Russian
	Id: 12 | ts: System.Byte[] | ModifiedDate: 05.03.2012 18:26:02 | CreationsDate: 05.03.2012 18:26:02 | ProfileId: 4 | Language: Turkish
] | BreastSize: Large | Gender: Female | UserName: mertsakarya4 | Email: mertsakarya@gmail.com | Phone:  | Password: 690514
Id: 5 | ts: System.Byte[] | ModifiedDate: 05.03.2012 18:26:02 | CreationsDate: 05.03.2012 18:26:02 | Guid: be36979c-bce8-4c9d-b20c-51c866b74ad9 | Profile: Id: 5 | ts: System.Byte[] | ModifiedDate: 05.03.2012 18:26:02 | CreationsDate: 05.03.2012 18:26:02 | Guid: be36979c-bce8-4c9d-b20c-51c866b74ad9 | FriendlyName: girl_mertiko5 | UserId: 5 | State: Id: 5 | ts: System.Byte[] | ModifiedDate: 05.03.2012 18:26:02 | CreationsDate: 05.03.2012 18:26:02[ProfileId: 5 | MembershipType: Normal | Status: Online | Existance: Active | LastOnline: 05.03.2012 18:25:02 | Expires: 05.03.2013 18:26:02] | Name:  | From: Turkey | City: Ankara5 | BodyBuild:  | EyeColor:  | HairColor:  | Smokes:  | Alcohol:  | Religion:  | Height: 170 | BirthYear: 0
Photos: [
	Id: 9 | ts: System.Byte[] | ModifiedDate: 05.03.2012 18:26:02 | CreationsDate: 05.03.2012 18:26:02 | Guid: aac50a17-4e22-4fa2-aa94-e85c9be98b31 | ProfileId: 5 | Description: [
Açıklama5
]
	Id: 10 | ts: System.Byte[] | ModifiedDate: 05.03.2012 18:26:02 | CreationsDate: 05.03.2012 18:26:02 | Guid: 8708d976-eda4-4f93-ab21-9e1aec86a2d5 | ProfileId: 5 | Description: [
Açıklama25
]
]
CountriesToVisit: [
	Id: 9 | ts: System.Byte[] | ModifiedDate: 05.03.2012 18:26:02 | CreationsDate: 05.03.2012 18:26:02 | ProfileId: 5 | Country: Turkey
	Id: 10 | ts: System.Byte[] | ModifiedDate: 05.03.2012 18:26:02 | CreationsDate: 05.03.2012 18:26:02 | ProfileId: 5 | Country: Ukraine
]
LanguagesSpoken: [
	Id: 13 | ts: System.Byte[] | ModifiedDate: 05.03.2012 18:26:02 | CreationsDate: 05.03.2012 18:26:02 | ProfileId: 5 | Language: English
	Id: 14 | ts: System.Byte[] | ModifiedDate: 05.03.2012 18:26:02 | CreationsDate: 05.03.2012 18:26:02 | ProfileId: 5 | Language: Russian
	Id: 15 | ts: System.Byte[] | ModifiedDate: 05.03.2012 18:26:02 | CreationsDate: 05.03.2012 18:26:02 | ProfileId: 5 | Language: Turkish
] | BreastSize: Large | Gender: Female | UserName: mertsakarya5 | Email: mertsakarya@gmail.com | Phone:  | Password: 690514
Id: 6 | ts: System.Byte[] | ModifiedDate: 05.03.2012 18:26:02 | CreationsDate: 05.03.2012 18:26:02 | Guid: f8356fda-8a5a-4451-b032-df78e04fb1a4 | Profile: Id: 6 | ts: System.Byte[] | ModifiedDate: 05.03.2012 18:26:02 | CreationsDate: 05.03.2012 18:26:02 | Guid: f8356fda-8a5a-4451-b032-df78e04fb1a4 | FriendlyName: girl_mertiko6 | UserId: 6 | State: Id: 6 | ts: System.Byte[] | ModifiedDate: 05.03.2012 18:26:02 | CreationsDate: 05.03.2012 18:26:02[ProfileId: 6 | MembershipType: Normal | Status: Online | Existance: Active | LastOnline: 05.03.2012 18:25:02 | Expires: 05.03.2013 18:26:02] | Name:  | From: Turkey | City: Ankara6 | BodyBuild:  | EyeColor:  | HairColor:  | Smokes:  | Alcohol:  | Religion:  | Height: 170 | BirthYear: 0
Photos: [
	Id: 11 | ts: System.Byte[] | ModifiedDate: 05.03.2012 18:26:02 | CreationsDate: 05.03.2012 18:26:02 | Guid: 6c7a1abb-0bc7-4cfb-89c3-8265536fc947 | ProfileId: 6 | Description: [
Açıklama6
]
	Id: 12 | ts: System.Byte[] | ModifiedDate: 05.03.2012 18:26:02 | CreationsDate: 05.03.2012 18:26:02 | Guid: 72e06b87-f8e8-4b2b-b3f8-993dab237b48 | ProfileId: 6 | Description: [
Açıklama26
]
]
CountriesToVisit: [
	Id: 11 | ts: System.Byte[] | ModifiedDate: 05.03.2012 18:26:02 | CreationsDate: 05.03.2012 18:26:02 | ProfileId: 6 | Country: Turkey
	Id: 12 | ts: System.Byte[] | ModifiedDate: 05.03.2012 18:26:02 | CreationsDate: 05.03.2012 18:26:02 | ProfileId: 6 | Country: Ukraine
]
LanguagesSpoken: [
	Id: 16 | ts: System.Byte[] | ModifiedDate: 05.03.2012 18:26:02 | CreationsDate: 05.03.2012 18:26:02 | ProfileId: 6 | Language: English
	Id: 17 | ts: System.Byte[] | ModifiedDate: 05.03.2012 18:26:02 | CreationsDate: 05.03.2012 18:26:02 | ProfileId: 6 | Language: Russian
	Id: 18 | ts: System.Byte[] | ModifiedDate: 05.03.2012 18:26:02 | CreationsDate: 05.03.2012 18:26:02 | ProfileId: 6 | Language: Turkish
] | BreastSize: Large | Gender: Female | UserName: mertsakarya6 | Email: mertsakarya@gmail.com | Phone:  | Password: 690514
Created Sample Data
Found 1 boy and 2 photos, out of 3 boys and 3 girls.
</DebugTrace>
      </Output>
    </UnitTestResult>
    <UnitTestResult executionId="a3122058-9dd3-471c-a422-2085f6be2f33" testId="877536f0-aab5-dc3d-50d4-130ded0dfe18" testName="ShouldBeAbleToFindAUser" computerName="MERTSAKARYA" duration="00:00:00.1148162" startTime="2012-03-05T20:26:02.5942320+02:00" endTime="2012-03-05T20:26:02.7190320+02:00" testType="13cdc9d9-ddb5-4fa4-a97d-d965ccfc6d4b" outcome="Passed" testListId="8c84fa94-04c1-424b-9868-57a2d4851a1d" relativeResultsDirectory="a3122058-9dd3-471c-a422-2085f6be2f33">
      <Output>
        <DebugTrace>Result 05.03.2013 18:26:02
</DebugTrace>
      </Output>
    </UnitTestResult>
    <UnitTestResult executionId="ff2461f1-ecdd-41c8-9a30-0bf29ed9547b" testId="329007e2-3baa-f261-caae-3580f430a309" testName="ShouldBeAbleToFindBoy2" computerName="MERTSAKARYA" duration="00:00:00.1622428" startTime="2012-03-05T20:26:02.7190320+02:00" endTime="2012-03-05T20:26:02.8906320+02:00" testType="13cdc9d9-ddb5-4fa4-a97d-d965ccfc6d4b" outcome="Passed" testListId="8c84fa94-04c1-424b-9868-57a2d4851a1d" relativeResultsDirectory="ff2461f1-ecdd-41c8-9a30-0bf29ed9547b">
      <Output>
        <DebugTrace>Found User:
 Id: 2 | ts: System.Byte[] | ModifiedDate: 05.03.2012 18:26:01 | CreationsDate: 05.03.2012 18:26:01 | Guid: cd232826-6b2f-436f-aaba-e30930fb77bb | Profile: Id: 2 | ts: System.Byte[] | ModifiedDate: 05.03.2012 18:26:01 | CreationsDate: 05.03.2012 18:26:01 | Guid: cd232826-6b2f-436f-aaba-e30930fb77bb | FriendlyName: mertiko2 | UserId: 2 | State:  | Name:  | From: Turkey | City: Istanbul2 | BodyBuild:  | EyeColor:  | HairColor:  | Smokes:  | Alcohol:  | Religion:  | Height: 170 | BirthYear: 0 | DickSize: Medium | DickThickness: Thick | Gender: Male | UserName: mertsakarya2 | Email: mertsakarya@gmail.com | Phone:  | Password: 690514
Found boy with 2 photos.
Found boy with 2 photos.
Found boy with 2 photos.
</DebugTrace>
      </Output>
    </UnitTestResult>
    <UnitTestResult executionId="9c659c3f-fae1-4a5a-a751-1608c289d8d5" testId="c110fe79-5d51-7c14-01d1-711d00a6e64f" testName="ShouldBeAbleToFindBoy" computerName="MERTSAKARYA" duration="00:00:00.0336835" startTime="2012-03-05T20:26:02.9062320+02:00" endTime="2012-03-05T20:26:02.9374320+02:00" testType="13cdc9d9-ddb5-4fa4-a97d-d965ccfc6d4b" outcome="Passed" testListId="8c84fa94-04c1-424b-9868-57a2d4851a1d" relativeResultsDirectory="9c659c3f-fae1-4a5a-a751-1608c289d8d5">
      <Output>
        <DebugTrace>Found 3 boys and 3 boys
</DebugTrace>
      </Output>
    </UnitTestResult>
    <UnitTestResult executionId="f7f15cf1-25ae-4c8e-8718-061f4bb3750a" testId="612255e6-ac16-66c6-627d-e06d4332ae15" testName="TestVisitAndConversation" computerName="MERTSAKARYA" duration="00:00:00.2679509" startTime="2012-03-05T20:26:02.9530320+02:00" endTime="2012-03-05T20:26:03.2182320+02:00" testType="13cdc9d9-ddb5-4fa4-a97d-d965ccfc6d4b" outcome="Passed" testListId="8c84fa94-04c1-424b-9868-57a2d4851a1d" relativeResultsDirectory="f7f15cf1-25ae-4c8e-8718-061f4bb3750a">
      <Output>
        <DebugTrace>Id: 1 | ts: System.Byte[] | ModifiedDate: 05.03.2012 18:26:03 | CreationsDate: 05.03.2012 18:26:03 | Guid: b98dd6f2-b07a-43ce-8a0c-20c9250f63ff | ProfileId: 1 | VisitorProfileId: 4
Id: 1 | ts: System.Byte[] | ModifiedDate: 05.03.2012 18:26:03 | CreationsDate: 05.03.2012 18:26:03 | Guid: a26b639f-c209-48e0-b31a-c2df0b0f87c6 | From: 1 | To: 4 | ReadDate:  | Subject: Hi
MESSAGE: [

I would 
Like to meet you

]
Id: 1 | ts: System.Byte[] | ModifiedDate: 05.03.2012 18:26:03 | CreationsDate: 05.03.2012 18:26:03 | Guid: a26b639f-c209-48e0-b31a-c2df0b0f87c6 | From: 1 | To: 4 | ReadDate:  | Subject: Hi
MESSAGE: [

I would 
Like to meet you

]
</DebugTrace>
      </Output>
    </UnitTestResult>
    <UnitTestResult executionId="6e22c077-d75a-4d5e-877c-becf27fc94b2" testId="d22554e5-525e-5d9c-f2ee-f7ad962ac07f" testName="TestVisits" computerName="MERTSAKARYA" duration="00:00:00.4041768" startTime="2012-03-05T20:26:03.2338320+02:00" endTime="2012-03-05T20:26:03.6394320+02:00" testType="13cdc9d9-ddb5-4fa4-a97d-d965ccfc6d4b" outcome="Passed" testListId="8c84fa94-04c1-424b-9868-57a2d4851a1d" relativeResultsDirectory="6e22c077-d75a-4d5e-877c-becf27fc94b2">
      <Output>
        <DebugTrace>Id: 2 | ts: System.Byte[] | ModifiedDate: 05.03.2012 18:26:03 | CreationsDate: 05.03.2012 18:26:03 | Guid: 2f8618f9-a2b0-4be5-a2e3-1cdb666bcb96 | ProfileId: 1 | VisitorProfileId: 6
Id: 3 | ts: System.Byte[] | ModifiedDate: 05.03.2012 18:26:03 | CreationsDate: 05.03.2012 18:26:03 | Guid: 7e4eed66-c68a-4fb9-a698-21bed905ddf6 | ProfileId: 3 | VisitorProfileId: 5
Id: 4 | ts: System.Byte[] | ModifiedDate: 05.03.2012 18:26:03 | CreationsDate: 05.03.2012 18:26:03 | Guid: d3cc73d6-8001-493e-a89e-4f64dac470ef | ProfileId: 1 | VisitorProfileId: 5
Id: 5 | ts: System.Byte[] | ModifiedDate: 05.03.2012 18:26:03 | CreationsDate: 05.03.2012 18:26:03 | Guid: 71067aae-7e0a-4467-a061-c7edb8ae1a1f | ProfileId: 1 | VisitorProfileId: 5
Id: 6 | ts: System.Byte[] | ModifiedDate: 05.03.2012 18:26:03 | CreationsDate: 05.03.2012 18:26:03 | Guid: 8a8b5ac4-0f5b-4847-a8f4-51a733c64735 | ProfileId: 2 | VisitorProfileId: 4
Id: 7 | ts: System.Byte[] | ModifiedDate: 05.03.2012 18:26:03 | CreationsDate: 05.03.2012 18:26:03 | Guid: 980782d4-a528-4d67-b85b-a0ac4edfd126 | ProfileId: 3 | VisitorProfileId: 4
Id: 8 | ts: System.Byte[] | ModifiedDate: 05.03.2012 18:26:03 | CreationsDate: 05.03.2012 18:26:03 | Guid: 93224278-498d-4b49-9346-8255fad45338 | ProfileId: 1 | VisitorProfileId: 4
Id: 9 | ts: System.Byte[] | ModifiedDate: 05.03.2012 18:26:03 | CreationsDate: 05.03.2012 18:26:03 | Guid: d70d3567-f84a-42f1-8a73-a3e29703d439 | ProfileId: 4 | VisitorProfileId: 5
Id: 4 | ts: System.Byte[] | ModifiedDate: 05.03.2012 18:26:02 | CreationsDate: 05.03.2012 18:26:02 | Guid: 68b08d21-684f-4a16-85f2-d71201910d2c | FriendlyName: girl_mertiko4 | UserId: 4 | State:  | Name:  | From: Turkey | City: Ankara4 | BodyBuild:  | EyeColor:  | HairColor:  | Smokes:  | Alcohol:  | Religion:  | Height: 170 | BirthYear: 0
Photos: [
	Id: 7 | ts: System.Byte[] | ModifiedDate: 05.03.2012 18:26:02 | CreationsDate: 05.03.2012 18:26:02 | Guid: da0f327e-d9c1-47b5-abdd-245f04c19254 | ProfileId: 4 | Description: [
Açıklama4
]
	Id: 8 | ts: System.Byte[] | ModifiedDate: 05.03.2012 18:26:02 | CreationsDate: 05.03.2012 18:26:02 | Guid: 9a6de511-50ce-437e-a71a-008630964915 | ProfileId: 4 | Description: [
Açıklama24
]
] | BreastSize: Large
</DebugTrace>
      </Output>
    </UnitTestResult>
  </Results>
</TestRun>