<?xml version="1.0" encoding="UTF-8"?>
<TestRun id="3461c4fc-c7ba-41ea-ac8a-e2c012629eb5" name="mert.sakarya@MERTSAKARYA 2012-03-05 20:28:42" runUser="SAHIBINDEN\mert.sakarya" xmlns="http://microsoft.com/schemas/VisualStudio/TeamTest/2010">
  <TestSettings name="Local" id="68342950-b16e-4d12-b71a-95a7036c6fb6">
    <Description>These are default test settings for a local test run.</Description>
    <Deployment enabled="false" runDeploymentRoot="mert.sakarya_MERTSAKARYA 2012-03-05 20_28_42">
      <DeploymentItem filename="C:\Users\mert.sakarya\documents\visual studio 2010\Projects\CodeFirst\packages\EntityFramework.4.3.1\lib\net40\EntityFramework.dll" />
      <DeploymentItem filename="C:\Users\mert.sakarya\documents\visual studio 2010\Projects\CodeFirst\packages\SqlServerCompact.4.0.8852.1\lib\net40\System.Data.SqlServerCe.dll" />
      <DeploymentItem filename="C:\Users\mert.sakarya\documents\visual studio 2010\Projects\CodeFirst\MS.Katusha.Repository\bin\Debug\MS.Katusha.Repository.dll" />
      <DeploymentItem filename="C:\Users\mert.sakarya\documents\visual studio 2010\Projects\CodeFirst\packages\SqlServerCompact.4.0.8852.1\lib\net40\System.Data.SqlServerCe.Entity.dll" />
      <DeploymentItem filename="C:\Users\mert.sakarya\documents\visual studio 2010\Projects\CodeFirst\MS.Katusha.Domain\bin\Debug\MS.Katusha.Domain.dll" />
    </Deployment>
    <Execution>
      <TestTypeSpecific />
      <AgentRule name="Execution Agents">
      </AgentRule>
    </Execution>
  </TestSettings>
  <Times creation="2012-03-05T20:28:42.3072350+02:00" queuing="2012-03-05T20:28:44.0231803+02:00" start="2012-03-05T20:28:44.3039821+02:00" finish="2012-03-05T20:29:06.5029244+02:00" />
  <ResultSummary outcome="Error">
    <Counters total="7" executed="7" passed="6" error="0" failed="0" timeout="0" aborted="1" inconclusive="0" passedButRunAborted="0" notRunnable="0" notExecuted="0" disconnected="0" warning="0" completed="0" inProgress="0" pending="0" />
    <Output>
      <DebugTrace>Assembly Init
</DebugTrace>
    </Output>
    <RunInfos>
      <RunInfo computerName="MERTSAKARYA" outcome="Error" timestamp="2012-03-05T20:29:06.5029244+02:00">
        <Text>Test host process exited unexpectedly.</Text>
      </RunInfo>
    </RunInfos>
  </ResultSummary>
  <TestDefinitions>
    <UnitTest name="ShouldBeAbleToFindBoy" storage="c:\users\mert.sakarya\documents\visual studio 2010\projects\codefirst\ms.katusha.test\bin\debug\ms.katusha.test.dll" id="c110fe79-5d51-7c14-01d1-711d00a6e64f">
      <Execution id="051ad4ed-7a31-4985-9194-6af788c8fb80" />
      <TestMethod codeBase="C:/Users/mert.sakarya/documents/visual studio 2010/Projects/CodeFirst/MS.Katusha.Test/bin/Debug/MS.Katusha.Test.DLL" adapterTypeName="Microsoft.VisualStudio.TestTools.TestTypes.Unit.UnitTestAdapter, Microsoft.VisualStudio.QualityTools.Tips.UnitTest.Adapter, Version=10.0.0.0, Culture=neutral, PublicKeyToken=b03f5f7f11d50a3a" className="MS.Katusha.Test.BoyRepositoryTest, MS.Katusha.Test, Version=1.0.0.0, Culture=neutral, PublicKeyToken=null" name="ShouldBeAbleToFindBoy" />
    </UnitTest>
    <UnitTest name="TestVisitAndConversation" storage="c:\users\mert.sakarya\documents\visual studio 2010\projects\codefirst\ms.katusha.test\bin\debug\ms.katusha.test.dll" id="612255e6-ac16-66c6-627d-e06d4332ae15">
      <Execution id="5a817d5a-e394-4087-b533-61be63492e6d" />
      <TestMethod codeBase="C:/Users/mert.sakarya/documents/visual studio 2010/Projects/CodeFirst/MS.Katusha.Test/bin/Debug/MS.Katusha.Test.DLL" adapterTypeName="Microsoft.VisualStudio.TestTools.TestTypes.Unit.UnitTestAdapter, Microsoft.VisualStudio.QualityTools.Tips.UnitTest.Adapter, Version=10.0.0.0, Culture=neutral, PublicKeyToken=b03f5f7f11d50a3a" className="MS.Katusha.Test.BoyRepositoryTest, MS.Katusha.Test, Version=1.0.0.0, Culture=neutral, PublicKeyToken=null" name="TestVisitAndConversation" />
    </UnitTest>
    <UnitTest name="ShouldBeAbleToFindBoy" storage="c:\users\mert.sakarya\documents\visual studio 2010\projects\codefirst\ms.katusha.test\bin\debug\ms.katusha.test.dll" id="2c3b54dd-eda2-8575-6b29-4aef6babadf6">
      <Execution id="ef279255-4467-45c8-a586-bd0eedcbdd2c" />
      <TestMethod codeBase="C:/Users/mert.sakarya/documents/visual studio 2010/Projects/CodeFirst/MS.Katusha.Test/bin/Debug/MS.Katusha.Test.DLL" adapterTypeName="Microsoft.VisualStudio.TestTools.TestTypes.Unit.UnitTestAdapter, Microsoft.VisualStudio.QualityTools.Tips.UnitTest.Adapter, Version=10.0.0.0, Culture=neutral, PublicKeyToken=b03f5f7f11d50a3a" className="MS.Katusha.Test.KatushaRepositoryTest, MS.Katusha.Test, Version=1.0.0.0, Culture=neutral, PublicKeyToken=null" name="ShouldBeAbleToFindBoy" />
    </UnitTest>
    <UnitTest name="ShouldFindUser" storage="c:\users\mert.sakarya\documents\visual studio 2010\projects\codefirst\ms.katusha.test\bin\debug\ms.katusha.test.dll" id="15676237-f968-2375-d914-bdbeba90e511">
      <Execution id="5870db22-0f15-43d4-b822-14b413504c53" />
      <TestMethod codeBase="C:/Users/mert.sakarya/documents/visual studio 2010/Projects/CodeFirst/MS.Katusha.Test/bin/Debug/MS.Katusha.Test.DLL" adapterTypeName="Microsoft.VisualStudio.TestTools.TestTypes.Unit.UnitTestAdapter, Microsoft.VisualStudio.QualityTools.Tips.UnitTest.Adapter, Version=10.0.0.0, Culture=neutral, PublicKeyToken=b03f5f7f11d50a3a" className="MS.Katusha.Test.BoyRepositoryTest, MS.Katusha.Test, Version=1.0.0.0, Culture=neutral, PublicKeyToken=null" name="ShouldFindUser" />
    </UnitTest>
    <UnitTest name="ShouldBeAbleToFindBoy2" storage="c:\users\mert.sakarya\documents\visual studio 2010\projects\codefirst\ms.katusha.test\bin\debug\ms.katusha.test.dll" id="329007e2-3baa-f261-caae-3580f430a309">
      <Execution id="12875a59-5242-4b64-9cec-4085f040db8f" />
      <TestMethod codeBase="C:/Users/mert.sakarya/documents/visual studio 2010/Projects/CodeFirst/MS.Katusha.Test/bin/Debug/MS.Katusha.Test.DLL" adapterTypeName="Microsoft.VisualStudio.TestTools.TestTypes.Unit.UnitTestAdapter, Microsoft.VisualStudio.QualityTools.Tips.UnitTest.Adapter, Version=10.0.0.0, Culture=neutral, PublicKeyToken=b03f5f7f11d50a3a" className="MS.Katusha.Test.BoyRepositoryTest, MS.Katusha.Test, Version=1.0.0.0, Culture=neutral, PublicKeyToken=null" name="ShouldBeAbleToFindBoy2" />
    </UnitTest>
    <UnitTest name="ShouldBeAbleToFindAUser" storage="c:\users\mert.sakarya\documents\visual studio 2010\projects\codefirst\ms.katusha.test\bin\debug\ms.katusha.test.dll" id="877536f0-aab5-dc3d-50d4-130ded0dfe18">
      <Execution id="d169f3c7-ecb3-4c36-add2-2b299e29f8b8" />
      <TestMethod codeBase="C:/Users/mert.sakarya/documents/visual studio 2010/Projects/CodeFirst/MS.Katusha.Test/bin/Debug/MS.Katusha.Test.DLL" adapterTypeName="Microsoft.VisualStudio.TestTools.TestTypes.Unit.UnitTestAdapter, Microsoft.VisualStudio.QualityTools.Tips.UnitTest.Adapter, Version=10.0.0.0, Culture=neutral, PublicKeyToken=b03f5f7f11d50a3a" className="MS.Katusha.Test.KatushaRepositoryTest, MS.Katusha.Test, Version=1.0.0.0, Culture=neutral, PublicKeyToken=null" name="ShouldBeAbleToFindAUser" />
    </UnitTest>
    <UnitTest name="TestVisits" storage="c:\users\mert.sakarya\documents\visual studio 2010\projects\codefirst\ms.katusha.test\bin\debug\ms.katusha.test.dll" id="d22554e5-525e-5d9c-f2ee-f7ad962ac07f">
      <Execution id="3c0598ef-9a28-4fc3-a159-f788e79559eb" />
      <TestMethod codeBase="C:/Users/mert.sakarya/documents/visual studio 2010/Projects/CodeFirst/MS.Katusha.Test/bin/Debug/MS.Katusha.Test.DLL" adapterTypeName="Microsoft.VisualStudio.TestTools.TestTypes.Unit.UnitTestAdapter, Microsoft.VisualStudio.QualityTools.Tips.UnitTest.Adapter, Version=10.0.0.0, Culture=neutral, PublicKeyToken=b03f5f7f11d50a3a" className="MS.Katusha.Test.BoyRepositoryTest, MS.Katusha.Test, Version=1.0.0.0, Culture=neutral, PublicKeyToken=null" name="TestVisits" />
    </UnitTest>
  </TestDefinitions>
  <TestLists>
    <TestList name="Results Not in a List" id="8c84fa94-04c1-424b-9868-57a2d4851a1d" />
    <TestList name="All Loaded Results" id="19431567-8539-422a-85d7-44ee4e166bda" />
  </TestLists>
  <TestEntries>
    <TestEntry testId="2c3b54dd-eda2-8575-6b29-4aef6babadf6" executionId="ef279255-4467-45c8-a586-bd0eedcbdd2c" testListId="8c84fa94-04c1-424b-9868-57a2d4851a1d" />
    <TestEntry testId="877536f0-aab5-dc3d-50d4-130ded0dfe18" executionId="d169f3c7-ecb3-4c36-add2-2b299e29f8b8" testListId="8c84fa94-04c1-424b-9868-57a2d4851a1d" />
    <TestEntry testId="329007e2-3baa-f261-caae-3580f430a309" executionId="12875a59-5242-4b64-9cec-4085f040db8f" testListId="8c84fa94-04c1-424b-9868-57a2d4851a1d" />
    <TestEntry testId="c110fe79-5d51-7c14-01d1-711d00a6e64f" executionId="051ad4ed-7a31-4985-9194-6af788c8fb80" testListId="8c84fa94-04c1-424b-9868-57a2d4851a1d" />
    <TestEntry testId="612255e6-ac16-66c6-627d-e06d4332ae15" executionId="5a817d5a-e394-4087-b533-61be63492e6d" testListId="8c84fa94-04c1-424b-9868-57a2d4851a1d" />
    <TestEntry testId="d22554e5-525e-5d9c-f2ee-f7ad962ac07f" executionId="3c0598ef-9a28-4fc3-a159-f788e79559eb" testListId="8c84fa94-04c1-424b-9868-57a2d4851a1d" />
    <TestEntry testId="15676237-f968-2375-d914-bdbeba90e511" executionId="5870db22-0f15-43d4-b822-14b413504c53" testListId="8c84fa94-04c1-424b-9868-57a2d4851a1d" />
  </TestEntries>
  <Results>
    <UnitTestResult executionId="ef279255-4467-45c8-a586-bd0eedcbdd2c" testId="2c3b54dd-eda2-8575-6b29-4aef6babadf6" testName="ShouldBeAbleToFindBoy" computerName="MERTSAKARYA" duration="00:00:01.8013064" startTime="2012-03-05T20:28:44.5691838+02:00" endTime="2012-03-05T20:28:48.0948064+02:00" testType="13cdc9d9-ddb5-4fa4-a97d-d965ccfc6d4b" outcome="Passed" testListId="8c84fa94-04c1-424b-9868-57a2d4851a1d" relativeResultsDirectory="ef279255-4467-45c8-a586-bd0eedcbdd2c">
      <Output>
        <DebugTrace>Found 1 boy and 2 photos, out of 3 boys and 3 girls.
</DebugTrace>
      </Output>
    </UnitTestResult>
    <UnitTestResult executionId="d169f3c7-ecb3-4c36-add2-2b299e29f8b8" testId="877536f0-aab5-dc3d-50d4-130ded0dfe18" testName="ShouldBeAbleToFindAUser" computerName="MERTSAKARYA" duration="00:00:00.3773775" startTime="2012-03-05T20:28:48.1104065+02:00" endTime="2012-03-05T20:28:48.4848089+02:00" testType="13cdc9d9-ddb5-4fa4-a97d-d965ccfc6d4b" outcome="Passed" testListId="8c84fa94-04c1-424b-9868-57a2d4851a1d" relativeResultsDirectory="d169f3c7-ecb3-4c36-add2-2b299e29f8b8">
      <Output>
        <DebugTrace>Result 05.03.2013 18:26:57
</DebugTrace>
      </Output>
    </UnitTestResult>
    <UnitTestResult executionId="12875a59-5242-4b64-9cec-4085f040db8f" testId="329007e2-3baa-f261-caae-3580f430a309" testName="ShouldBeAbleToFindBoy2" computerName="MERTSAKARYA" duration="00:00:00.1664478" startTime="2012-03-05T20:28:48.5004090+02:00" endTime="2012-03-05T20:28:48.6720101+02:00" testType="13cdc9d9-ddb5-4fa4-a97d-d965ccfc6d4b" outcome="Passed" testListId="8c84fa94-04c1-424b-9868-57a2d4851a1d" relativeResultsDirectory="12875a59-5242-4b64-9cec-4085f040db8f">
      <Output>
        <DebugTrace>Found User:
 Id: 2 | ts: System.Byte[] | ModifiedDate: 05.03.2012 18:26:57 | CreationsDate: 05.03.2012 18:26:57 | Guid: ce02cfe4-d57d-456a-899b-5abf5923e746 | Profile: Id: 2 | ts: System.Byte[] | ModifiedDate: 05.03.2012 18:26:57 | CreationsDate: 05.03.2012 18:26:57 | Guid: ce02cfe4-d57d-456a-899b-5abf5923e746 | FriendlyName: mertiko2 | UserId: 2 | State:  | Name:  | From: Turkey | City: Istanbul2 | BodyBuild:  | EyeColor:  | HairColor:  | Smokes:  | Alcohol:  | Religion:  | Height: 170 | BirthYear: 0 | DickSize: Medium | DickThickness: Thick | Gender: Male | UserName: mertsakarya2 | Email: mertsakarya@gmail.com | Phone:  | Password: 690514
Found boy with 2 photos.
Found boy with 2 photos.
Found boy with 2 photos.
</DebugTrace>
      </Output>
    </UnitTestResult>
    <UnitTestResult executionId="051ad4ed-7a31-4985-9194-6af788c8fb80" testId="c110fe79-5d51-7c14-01d1-711d00a6e64f" testName="ShouldBeAbleToFindBoy" computerName="MERTSAKARYA" duration="00:00:00.0257611" startTime="2012-03-05T20:28:48.6876102+02:00" endTime="2012-03-05T20:28:48.7032103+02:00" testType="13cdc9d9-ddb5-4fa4-a97d-d965ccfc6d4b" outcome="Passed" testListId="8c84fa94-04c1-424b-9868-57a2d4851a1d" relativeResultsDirectory="051ad4ed-7a31-4985-9194-6af788c8fb80">
      <Output>
        <DebugTrace>Found 3 boys and 3 boys
</DebugTrace>
      </Output>
    </UnitTestResult>
    <UnitTestResult executionId="5a817d5a-e394-4087-b533-61be63492e6d" testId="612255e6-ac16-66c6-627d-e06d4332ae15" testName="TestVisitAndConversation" computerName="MERTSAKARYA" duration="00:00:00.3029130" startTime="2012-03-05T20:28:48.7188104+02:00" endTime="2012-03-05T20:28:49.0308124+02:00" testType="13cdc9d9-ddb5-4fa4-a97d-d965ccfc6d4b" outcome="Passed" testListId="8c84fa94-04c1-424b-9868-57a2d4851a1d" relativeResultsDirectory="5a817d5a-e394-4087-b533-61be63492e6d">
      <Output>
        <DebugTrace>Id: 15 | ts: System.Byte[] | ModifiedDate: 05.03.2012 18:28:48 | CreationsDate: 05.03.2012 18:28:48 | Guid: f9a75a4e-43d2-41ec-b1d5-54505df166b0 | ProfileId: 1 | VisitorProfileId: 4
Id: 2 | ts: System.Byte[] | ModifiedDate: 05.03.2012 18:28:48 | CreationsDate: 05.03.2012 18:28:48 | Guid: bf0cade3-d485-41e1-bdca-0dbc00711ead | From: 1 | To: 4 | ReadDate:  | Subject: Hi
MESSAGE: [

I would 
Like to meet you

]
Id: 2 | ts: System.Byte[] | ModifiedDate: 05.03.2012 18:28:48 | CreationsDate: 05.03.2012 18:28:48 | Guid: bf0cade3-d485-41e1-bdca-0dbc00711ead | From: 1 | To: 4 | ReadDate:  | Subject: Hi
MESSAGE: [

I would 
Like to meet you

]
</DebugTrace>
      </Output>
    </UnitTestResult>
    <UnitTestResult executionId="3c0598ef-9a28-4fc3-a159-f788e79559eb" testId="d22554e5-525e-5d9c-f2ee-f7ad962ac07f" testName="TestVisits" computerName="MERTSAKARYA" duration="00:00:00.3683276" startTime="2012-03-05T20:28:49.0308124+02:00" endTime="2012-03-05T20:28:49.4052148+02:00" testType="13cdc9d9-ddb5-4fa4-a97d-d965ccfc6d4b" outcome="Passed" testListId="8c84fa94-04c1-424b-9868-57a2d4851a1d" relativeResultsDirectory="3c0598ef-9a28-4fc3-a159-f788e79559eb">
      <Output>
        <DebugTrace>Id: 16 | ts: System.Byte[] | ModifiedDate: 05.03.2012 18:28:49 | CreationsDate: 05.03.2012 18:28:49 | Guid: 6169743e-bbcc-4d21-8441-bec3df4aa56a | ProfileId: 1 | VisitorProfileId: 6
Id: 17 | ts: System.Byte[] | ModifiedDate: 05.03.2012 18:28:49 | CreationsDate: 05.03.2012 18:28:49 | Guid: 5b1e32a1-8f8b-4d97-8839-74f23d33f934 | ProfileId: 3 | VisitorProfileId: 5
Id: 18 | ts: System.Byte[] | ModifiedDate: 05.03.2012 18:28:49 | CreationsDate: 05.03.2012 18:28:49 | Guid: b3a8bcb7-8154-4230-b74b-f0b8009e5f9e | ProfileId: 1 | VisitorProfileId: 5
Id: 19 | ts: System.Byte[] | ModifiedDate: 05.03.2012 18:28:49 | CreationsDate: 05.03.2012 18:28:49 | Guid: 18aafa4f-ed00-47a7-8b75-e91cc6c57190 | ProfileId: 1 | VisitorProfileId: 5
Id: 20 | ts: System.Byte[] | ModifiedDate: 05.03.2012 18:28:49 | CreationsDate: 05.03.2012 18:28:49 | Guid: 76bf50e3-2e68-462b-b7e2-321d0935a3a3 | ProfileId: 2 | VisitorProfileId: 4
Id: 21 | ts: System.Byte[] | ModifiedDate: 05.03.2012 18:28:49 | CreationsDate: 05.03.2012 18:28:49 | Guid: 1b297aeb-456a-4f8e-b317-18c4ae8570f2 | ProfileId: 3 | VisitorProfileId: 4
Id: 22 | ts: System.Byte[] | ModifiedDate: 05.03.2012 18:28:49 | CreationsDate: 05.03.2012 18:28:49 | Guid: e3988bbb-aade-45af-b22b-d539bb86abc2 | ProfileId: 1 | VisitorProfileId: 4
Id: 23 | ts: System.Byte[] | ModifiedDate: 05.03.2012 18:28:49 | CreationsDate: 05.03.2012 18:28:49 | Guid: 2bb3ce3d-94be-46b1-b7da-65c1bda9d796 | ProfileId: 4 | VisitorProfileId: 5
Id: 4 | ts: System.Byte[] | ModifiedDate: 05.03.2012 18:26:57 | CreationsDate: 05.03.2012 18:26:57 | Guid: a8cd80b8-516f-420f-9f56-cafbd08ce879 | FriendlyName: girl_mertiko4 | UserId: 4 | State:  | Name:  | From: Turkey | City: Ankara4 | BodyBuild:  | EyeColor:  | HairColor:  | Smokes:  | Alcohol:  | Religion:  | Height: 170 | BirthYear: 0
Photos: [
	Id: 7 | ts: System.Byte[] | ModifiedDate: 05.03.2012 18:26:57 | CreationsDate: 05.03.2012 18:26:57 | Guid: 898442e8-ec72-473a-9369-a2ff6fde247a | ProfileId: 4 | Description: [
Açıklama4
]
	Id: 8 | ts: System.Byte[] | ModifiedDate: 05.03.2012 18:26:57 | CreationsDate: 05.03.2012 18:26:57 | Guid: b6b68bc4-840a-4602-870f-6166fd312775 | ProfileId: 4 | Description: [
Açıklama24
]
] | BreastSize: Large
</DebugTrace>
      </Output>
    </UnitTestResult>
    <UnitTestResult executionId="5870db22-0f15-43d4-b822-14b413504c53" testId="15676237-f968-2375-d914-bdbeba90e511" testName="ShouldFindUser" computerName="MERTSAKARYA" duration="00:00:17.0821095" startTime="2012-03-05T20:28:49.4208149+02:00" endTime="2012-03-05T20:29:06.5029244+02:00" testType="13cdc9d9-ddb5-4fa4-a97d-d965ccfc6d4b" outcome="Aborted" testListId="8c84fa94-04c1-424b-9868-57a2d4851a1d" relativeResultsDirectory="5870db22-0f15-43d4-b822-14b413504c53">
    </UnitTestResult>
  </Results>
</TestRun>